<?xml version="1.0" encoding="utf-8"?>
<TestRun id="6371db0b-80b0-4503-8844-59aee4efa3e1" name="@898f9ba0cdbc 2025-08-15 08:45:04" xmlns="http://microsoft.com/schemas/VisualStudio/TeamTest/2010">
  <Times creation="2025-08-15T08:45:04.0347058+00:00" queuing="2025-08-15T08:45:04.0347058+00:00" start="2025-08-15T08:45:03.1583950+00:00" finish="2025-08-15T08:45:04.7826647+00:00" />
  <TestSettings name="default" id="f4688f69-3dd5-4480-92b0-c4e3df25f015">
    <Deployment runDeploymentRoot="_898f9ba0cdbc_2025-08-15_08_45_04" />
  </TestSettings>
  <Results>
    <UnitTestResult executionId="0d3a09b5-90d8-438a-be6a-db7537e364bd" testId="166c7e95-8849-1710-434e-ed0d31c1f324" testName="Backend.Tests.Application.Services.TenantServiceTests.UploadLogoAsync_Fails_WhenInvalidFileType" computerName="898f9ba0cdbc" duration="00:00:00.2838332" startTime="2025-08-15T08:45:03.7440321+00:00" endTime="2025-08-15T08:45:04.0206209+00:00" testType="13cdc9d9-ddb5-4fa4-a97d-d965ccfc6d4b" outcome="Passed" testListId="8c84fa94-04c1-424b-9868-57a2d4851a1d" relativeResultsDirectory="0d3a09b5-90d8-438a-be6a-db7537e364bd" />
    <UnitTestResult executionId="c5f31b8f-d583-42b7-8649-f84d1cc0ba3e" testId="838d2943-bac4-47c8-047d-cf1cda0b9034" testName="Backend.Tests.Application.Services.UserMembershipServiceTests.AssignAsync_Fails_WhenTenantInactive" computerName="898f9ba0cdbc" duration="00:00:00.2001026" startTime="2025-08-15T08:45:04.2222572+00:00" endTime="2025-08-15T08:45:04.4216457+00:00" testType="13cdc9d9-ddb5-4fa4-a97d-d965ccfc6d4b" outcome="Passed" testListId="8c84fa94-04c1-424b-9868-57a2d4851a1d" relativeResultsDirectory="c5f31b8f-d583-42b7-8649-f84d1cc0ba3e" />
    <UnitTestResult executionId="1012cc42-af3d-46e1-b023-ee01447740ce" testId="024786ea-bb0b-b19e-9893-7d2d49fc7763" testName="Backend.Tests.Application.Services.TenantServiceTests.ToggleAsync_Succeeds" computerName="898f9ba0cdbc" duration="00:00:00.0038966" startTime="2025-08-15T08:45:04.0618510+00:00" endTime="2025-08-15T08:45:04.0651923+00:00" testType="13cdc9d9-ddb5-4fa4-a97d-d965ccfc6d4b" outcome="Passed" testListId="8c84fa94-04c1-424b-9868-57a2d4851a1d" relativeResultsDirectory="1012cc42-af3d-46e1-b023-ee01447740ce" />
    <UnitTestResult executionId="a8732524-9109-4d23-9fa0-7fe4560d5828" testId="4a8bd80c-6c50-040b-b2ee-c54bffc15279" testName="Backend.Tests.UnitTest1.Test1" computerName="898f9ba0cdbc" duration="00:00:00.0000309" startTime="2025-08-15T08:45:04.0489583+00:00" endTime="2025-08-15T08:45:04.0489907+00:00" testType="13cdc9d9-ddb5-4fa4-a97d-d965ccfc6d4b" outcome="Passed" testListId="8c84fa94-04c1-424b-9868-57a2d4851a1d" relativeResultsDirectory="a8732524-9109-4d23-9fa0-7fe4560d5828" />
    <UnitTestResult executionId="f4601d0e-3d5c-4c2d-a83a-2649b5ec5c2c" testId="0aa6adfc-662a-ae78-4c2c-2e6af6dad68c" testName="Backend.Tests.Application.Services.TenantServiceTests.CreateAsync_Succeeds_WithValidInput" computerName="898f9ba0cdbc" duration="00:00:00.0090951" startTime="2025-08-15T08:45:04.0371133+00:00" endTime="2025-08-15T08:45:04.0428970+00:00" testType="13cdc9d9-ddb5-4fa4-a97d-d965ccfc6d4b" outcome="Passed" testListId="8c84fa94-04c1-424b-9868-57a2d4851a1d" relativeResultsDirectory="f4601d0e-3d5c-4c2d-a83a-2649b5ec5c2c" />
    <UnitTestResult executionId="581dfb48-b509-4760-a0f9-4b6bc1eeaf5f" testId="a4c5eedf-dbce-d8b0-f488-e4404f4238b5" testName="Backend.Tests.Application.Services.AuthServiceTests.RegisterAsync_Fails_WhenTenantRoleGivenButTenantIdMissing" computerName="898f9ba0cdbc" duration="00:00:00.0005403" startTime="2025-08-15T08:45:04.2765623+00:00" endTime="2025-08-15T08:45:04.2767480+00:00" testType="13cdc9d9-ddb5-4fa4-a97d-d965ccfc6d4b" outcome="Passed" testListId="8c84fa94-04c1-424b-9868-57a2d4851a1d" relativeResultsDirectory="581dfb48-b509-4760-a0f9-4b6bc1eeaf5f" />
    <UnitTestResult executionId="2bfb6ff0-efe5-472f-9582-38f9bbaf26b5" testId="0b3e4e71-0238-4296-85eb-e5ab771642a8" testName="Backend.Tests.Application.Services.TenantPublicServiceTests.GetCurrentTenantAsync_Fails_WhenNotFoundOrInactive" computerName="898f9ba0cdbc" duration="00:00:00.2686785" startTime="2025-08-15T08:45:03.7439800+00:00" endTime="2025-08-15T08:45:04.0054168+00:00" testType="13cdc9d9-ddb5-4fa4-a97d-d965ccfc6d4b" outcome="Passed" testListId="8c84fa94-04c1-424b-9868-57a2d4851a1d" relativeResultsDirectory="2bfb6ff0-efe5-472f-9582-38f9bbaf26b5" />
    <UnitTestResult executionId="87c0948e-5bd7-4fbb-89d8-b72257b9c633" testId="8e80ccc0-8ac3-57c4-dad4-91d2b940bff3" testName="Backend.Tests.Application.Services.AuthServiceTests.RegisterAsync_Fails_WhenEmailOrPasswordMissing" computerName="898f9ba0cdbc" duration="00:00:00.2805088" startTime="2025-08-15T08:45:03.7440048+00:00" endTime="2025-08-15T08:45:04.0186835+00:00" testType="13cdc9d9-ddb5-4fa4-a97d-d965ccfc6d4b" outcome="Passed" testListId="8c84fa94-04c1-424b-9868-57a2d4851a1d" relativeResultsDirectory="87c0948e-5bd7-4fbb-89d8-b72257b9c633" />
    <UnitTestResult executionId="164b2214-91a6-4907-aa5c-1c169bb47154" testId="b314de46-f999-4074-66d9-031bf396ce1e" testName="Backend.Tests.Application.Services.UserMembershipServiceTests.AssignAsync_CreatesMembership_And_RespectsDefaultUniqueness" computerName="898f9ba0cdbc" duration="00:00:00.1295427" startTime="2025-08-15T08:45:04.4220190+00:00" endTime="2025-08-15T08:45:04.5512768+00:00" testType="13cdc9d9-ddb5-4fa4-a97d-d965ccfc6d4b" outcome="Passed" testListId="8c84fa94-04c1-424b-9868-57a2d4851a1d" relativeResultsDirectory="164b2214-91a6-4907-aa5c-1c169bb47154" />
    <UnitTestResult executionId="10a07d19-cc34-489c-bce6-17753dd5b39c" testId="758c0741-af53-7d63-a76f-c8ceca60c790" testName="Backend.Tests.Application.Services.TenantServiceTests.CreateAsync_Fails_WhenSlugAlreadyExists" computerName="898f9ba0cdbc" duration="00:00:00.0082431" startTime="2025-08-15T08:45:04.0534605+00:00" endTime="2025-08-15T08:45:04.0612181+00:00" testType="13cdc9d9-ddb5-4fa4-a97d-d965ccfc6d4b" outcome="Passed" testListId="8c84fa94-04c1-424b-9868-57a2d4851a1d" relativeResultsDirectory="10a07d19-cc34-489c-bce6-17753dd5b39c" />
    <UnitTestResult executionId="015e8e08-6463-4d85-96c8-45187d8b892a" testId="9e12ea75-cbd6-c870-5cbc-255b6a0bb296" testName="Backend.Tests.Application.Services.TenantServiceTests.UploadLogoAsync_Fails_WhenTenantNotFound" computerName="898f9ba0cdbc" duration="00:00:00.0117472" startTime="2025-08-15T08:45:04.0431163+00:00" endTime="2025-08-15T08:45:04.0529401+00:00" testType="13cdc9d9-ddb5-4fa4-a97d-d965ccfc6d4b" outcome="Passed" testListId="8c84fa94-04c1-424b-9868-57a2d4851a1d" relativeResultsDirectory="015e8e08-6463-4d85-96c8-45187d8b892a" />
    <UnitTestResult executionId="c4668048-9675-4c28-bcc5-428bbd5e3c5a" testId="5ae620a9-90e0-34e5-c41a-79b9bfc42520" testName="Backend.Tests.Application.Services.TenantHierarchyServiceTests.CreateNodeAsync_Fails_WhenNameOrSlugMissing" computerName="898f9ba0cdbc" duration="00:00:00.0003738" startTime="2025-08-15T08:45:04.0420982+00:00" endTime="2025-08-15T08:45:04.0421295+00:00" testType="13cdc9d9-ddb5-4fa4-a97d-d965ccfc6d4b" outcome="Passed" testListId="8c84fa94-04c1-424b-9868-57a2d4851a1d" relativeResultsDirectory="c4668048-9675-4c28-bcc5-428bbd5e3c5a" />
    <UnitTestResult executionId="da02125f-2c07-4a2c-9e6b-884e244e9002" testId="902e1281-b133-ca94-1926-d38e5bbe399d" testName="Backend.Tests.Application.Services.TenantHierarchyServiceTests.CreateNodeAsync_Fails_WhenRootNodeLevelNotOrganization" computerName="898f9ba0cdbc" duration="00:00:00.0003350" startTime="2025-08-15T08:45:04.0423677+00:00" endTime="2025-08-15T08:45:04.0423979+00:00" testType="13cdc9d9-ddb5-4fa4-a97d-d965ccfc6d4b" outcome="Passed" testListId="8c84fa94-04c1-424b-9868-57a2d4851a1d" relativeResultsDirectory="da02125f-2c07-4a2c-9e6b-884e244e9002" />
    <UnitTestResult executionId="d7930f1e-f7f2-445f-813a-2048c37d02a6" testId="3f3095e8-455c-9033-a44f-fd001bf06c95" testName="Backend.Tests.Application.Services.AuthServiceTests.RegisterAsync_Fails_WhenTenantNotFound" computerName="898f9ba0cdbc" duration="00:00:00.0042271" startTime="2025-08-15T08:45:04.0195595+00:00" endTime="2025-08-15T08:45:04.0214175+00:00" testType="13cdc9d9-ddb5-4fa4-a97d-d965ccfc6d4b" outcome="Passed" testListId="8c84fa94-04c1-424b-9868-57a2d4851a1d" relativeResultsDirectory="d7930f1e-f7f2-445f-813a-2048c37d02a6" />
    <UnitTestResult executionId="67f82b27-c1ac-4e0c-a36b-bd5084283ff1" testId="b1f9dcfc-4826-c0d0-ca6d-f3df91f36437" testName="Backend.Tests.Application.Services.TenantServiceTests.ListAsync_ReturnsAllTenants" computerName="898f9ba0cdbc" duration="00:00:00.0112810" startTime="2025-08-15T08:45:04.0212896+00:00" endTime="2025-08-15T08:45:04.0320265+00:00" testType="13cdc9d9-ddb5-4fa4-a97d-d965ccfc6d4b" outcome="Passed" testListId="8c84fa94-04c1-424b-9868-57a2d4851a1d" relativeResultsDirectory="67f82b27-c1ac-4e0c-a36b-bd5084283ff1" />
    <UnitTestResult executionId="9db9dfe0-07f4-43c5-91db-62668e623a1f" testId="a3815c71-aa9d-5791-b0c8-47317dbfd503" testName="Backend.Tests.Application.Services.TenantHierarchyServiceTests.CreateNodeAsync_Fails_WhenParentNotFound" computerName="898f9ba0cdbc" duration="00:00:00.0007588" startTime="2025-08-15T08:45:04.0428672+00:00" endTime="2025-08-15T08:45:04.0431459+00:00" testType="13cdc9d9-ddb5-4fa4-a97d-d965ccfc6d4b" outcome="Passed" testListId="8c84fa94-04c1-424b-9868-57a2d4851a1d" relativeResultsDirectory="9db9dfe0-07f4-43c5-91db-62668e623a1f" />
    <UnitTestResult executionId="775a593a-1615-44b8-9b4f-69416af8b80b" testId="b9c6cb93-5ac8-e980-32ab-a1b9d58b5c1e" testName="Backend.Tests.Application.Services.TenantServiceTests.ToggleAsync_Fails_WhenTenantNotFound" computerName="898f9ba0cdbc" duration="00:00:00.0012854" startTime="2025-08-15T08:45:04.0657853+00:00" endTime="2025-08-15T08:45:04.0665331+00:00" testType="13cdc9d9-ddb5-4fa4-a97d-d965ccfc6d4b" outcome="Passed" testListId="8c84fa94-04c1-424b-9868-57a2d4851a1d" relativeResultsDirectory="775a593a-1615-44b8-9b4f-69416af8b80b" />
    <UnitTestResult executionId="2a2e3a07-97f1-452d-90d0-0210a0b8dab6" testId="db482b59-5d5f-328d-387e-b93bb8b5a3dc" testName="Backend.Tests.Application.Services.AuthServiceTests.RegisterAsync_Fails_WhenUserAlreadyExists" computerName="898f9ba0cdbc" duration="00:00:00.0265243" startTime="2025-08-15T08:45:04.0219113+00:00" endTime="2025-08-15T08:45:04.0480603+00:00" testType="13cdc9d9-ddb5-4fa4-a97d-d965ccfc6d4b" outcome="Passed" testListId="8c84fa94-04c1-424b-9868-57a2d4851a1d" relativeResultsDirectory="2a2e3a07-97f1-452d-90d0-0210a0b8dab6" />
    <UnitTestResult executionId="a3a089ee-84a1-4ef6-81e9-32009c9dd380" testId="960bfbc9-f976-c6d1-9ede-34a2f7431ece" testName="Backend.Tests.Application.Services.UserServiceTests.ListAsync_FiltersByTenant" computerName="898f9ba0cdbc" duration="00:00:00.4836312" startTime="2025-08-15T08:45:03.7522378+00:00" endTime="2025-08-15T08:45:04.2287180+00:00" testType="13cdc9d9-ddb5-4fa4-a97d-d965ccfc6d4b" outcome="Passed" testListId="8c84fa94-04c1-424b-9868-57a2d4851a1d" relativeResultsDirectory="a3a089ee-84a1-4ef6-81e9-32009c9dd380" />
    <UnitTestResult executionId="add7db0e-d66c-4ecc-9b89-1e268e734e74" testId="87afd9a9-3a76-05dc-5136-4351a04ca482" testName="Backend.Tests.Application.Common.ResultTests.OkT_ShouldCarryValue" computerName="898f9ba0cdbc" duration="00:00:00.0004353" startTime="2025-08-15T08:45:03.7509371+00:00" endTime="2025-08-15T08:45:03.7509847+00:00" testType="13cdc9d9-ddb5-4fa4-a97d-d965ccfc6d4b" outcome="Passed" testListId="8c84fa94-04c1-424b-9868-57a2d4851a1d" relativeResultsDirectory="add7db0e-d66c-4ecc-9b89-1e268e734e74" />
    <UnitTestResult executionId="98f064c8-82d2-444e-bc27-cb318c23b6ef" testId="7b607913-2dc2-8669-91fa-0b8c344313f1" testName="Backend.Tests.Application.Common.ResultTests.Fail_ShouldContainErrorAndStatus" computerName="898f9ba0cdbc" duration="00:00:00.0023186" startTime="2025-08-15T08:45:03.7515059+00:00" endTime="2025-08-15T08:45:03.7515399+00:00" testType="13cdc9d9-ddb5-4fa4-a97d-d965ccfc6d4b" outcome="Passed" testListId="8c84fa94-04c1-424b-9868-57a2d4851a1d" relativeResultsDirectory="98f064c8-82d2-444e-bc27-cb318c23b6ef" />
    <UnitTestResult executionId="4eaa3d0e-2f9d-45ed-a406-58cd08bb959c" testId="a9043202-6086-a274-0650-b47c22eec854" testName="Backend.Tests.Application.Common.ResultTests.Ok_ShouldBeSuccess" computerName="898f9ba0cdbc" duration="00:00:00.0035609" startTime="2025-08-15T08:45:03.7433422+00:00" endTime="2025-08-15T08:45:03.7445548+00:00" testType="13cdc9d9-ddb5-4fa4-a97d-d965ccfc6d4b" outcome="Passed" testListId="8c84fa94-04c1-424b-9868-57a2d4851a1d" relativeResultsDirectory="4eaa3d0e-2f9d-45ed-a406-58cd08bb959c" />
    <UnitTestResult executionId="66b8a19d-4af6-4342-8641-d87bc6497ce0" testId="2da42b9a-72bb-4b25-9b0b-01ad5725aabc" testName="Backend.Tests.Application.Services.TenantHierarchyServiceTests.CreateNodeAsync_Succeeds_ForValidChild" computerName="898f9ba0cdbc" duration="00:00:00.0159768" startTime="2025-08-15T08:45:04.0222125+00:00" endTime="2025-08-15T08:45:04.0380508+00:00" testType="13cdc9d9-ddb5-4fa4-a97d-d965ccfc6d4b" outcome="Passed" testListId="8c84fa94-04c1-424b-9868-57a2d4851a1d" relativeResultsDirectory="66b8a19d-4af6-4342-8641-d87bc6497ce0" />
    <UnitTestResult executionId="6b7f9099-7657-4e2d-87e2-04a7d7906680" testId="7c8cc0ec-8308-6d27-6faf-a5ec55afaad0" testName="Backend.Tests.Application.Services.TenantHierarchyServiceTests.CreateNodeAsync_Fails_WhenSlugExists" computerName="898f9ba0cdbc" duration="00:00:00.0009426" startTime="2025-08-15T08:45:04.0384589+00:00" endTime="2025-08-15T08:45:04.0391369+00:00" testType="13cdc9d9-ddb5-4fa4-a97d-d965ccfc6d4b" outcome="Passed" testListId="8c84fa94-04c1-424b-9868-57a2d4851a1d" relativeResultsDirectory="6b7f9099-7657-4e2d-87e2-04a7d7906680" />
    <UnitTestResult executionId="c8c6dae0-2fd1-4209-8b6f-283bab2b2bec" testId="c188d562-53da-3857-db1c-269faa4e2a3f" testName="Backend.Tests.Application.Services.TenantPublicServiceTests.GetCurrentTenantAsync_ReturnsTenant_WhenActive" computerName="898f9ba0cdbc" duration="00:00:00.2218725" startTime="2025-08-15T08:45:04.0185874+00:00" endTime="2025-08-15T08:45:04.2273801+00:00" testType="13cdc9d9-ddb5-4fa4-a97d-d965ccfc6d4b" outcome="Passed" testListId="8c84fa94-04c1-424b-9868-57a2d4851a1d" relativeResultsDirectory="c8c6dae0-2fd1-4209-8b6f-283bab2b2bec" />
    <UnitTestResult executionId="63f76cfa-bb74-4589-af69-f755970a6f7b" testId="b2790293-7952-1132-eda7-acc268ff8299" testName="Backend.Tests.Application.Services.TenantHierarchyServiceTests.CreateNodeAsync_Fails_WhenChildLevelIsNotGreaterThanParent" computerName="898f9ba0cdbc" duration="00:00:00.2852817" startTime="2025-08-15T08:45:03.7440190+00:00" endTime="2025-08-15T08:45:04.0219486+00:00" testType="13cdc9d9-ddb5-4fa4-a97d-d965ccfc6d4b" outcome="Passed" testListId="8c84fa94-04c1-424b-9868-57a2d4851a1d" relativeResultsDirectory="63f76cfa-bb74-4589-af69-f755970a6f7b" />
    <UnitTestResult executionId="ba2607a1-1862-4cc4-9d9f-c7b3b6664c98" testId="31b21664-7780-d361-6791-8b951656c8c7" testName="Backend.Tests.Application.Services.UserMembershipServiceTests.AssignAsync_Fails_WhenDuplicateMembership" computerName="898f9ba0cdbc" duration="00:00:00.4848174" startTime="2025-08-15T08:45:03.7440447+00:00" endTime="2025-08-15T08:45:04.2215255+00:00" testType="13cdc9d9-ddb5-4fa4-a97d-d965ccfc6d4b" outcome="Passed" testListId="8c84fa94-04c1-424b-9868-57a2d4851a1d" relativeResultsDirectory="ba2607a1-1862-4cc4-9d9f-c7b3b6664c98" />
    <UnitTestResult executionId="d0cca344-69ac-4c20-bfc7-a93ebdb6badc" testId="a3cc466e-448c-e81e-fbe1-30c54c91504e" testName="Backend.Tests.Application.Services.TenantHierarchyServiceTests.CreateNodeAsync_Succeeds_ForValidRootNode" computerName="898f9ba0cdbc" duration="00:00:00.0005436" startTime="2025-08-15T08:45:04.0418059+00:00" endTime="2025-08-15T08:45:04.0418429+00:00" testType="13cdc9d9-ddb5-4fa4-a97d-d965ccfc6d4b" outcome="Passed" testListId="8c84fa94-04c1-424b-9868-57a2d4851a1d" relativeResultsDirectory="d0cca344-69ac-4c20-bfc7-a93ebdb6badc" />
    <UnitTestResult executionId="9cd10494-5e62-46bb-9dcb-15010f8f7621" testId="8dd6e572-26cc-8c1d-05bc-0cc5fe4a483a" testName="Backend.Tests.Application.Services.AuthServiceTests.RegisterAsync_Succeeds_WhenValid" computerName="898f9ba0cdbc" duration="00:00:00.2280834" startTime="2025-08-15T08:45:04.0485641+00:00" endTime="2025-08-15T08:45:04.2761991+00:00" testType="13cdc9d9-ddb5-4fa4-a97d-d965ccfc6d4b" outcome="Passed" testListId="8c84fa94-04c1-424b-9868-57a2d4851a1d" relativeResultsDirectory="9cd10494-5e62-46bb-9dcb-15010f8f7621" />
    <UnitTestResult executionId="dc94bd6f-1205-4feb-b343-196dd6467c86" testId="e1218490-ed27-cd20-895a-b924795a36b5" testName="Backend.Tests.Application.Services.TenantHierarchyServiceTests.CreateNodeAsync_Fails_WhenLevelInvalid" computerName="898f9ba0cdbc" duration="00:00:00.0003832" startTime="2025-08-15T08:45:04.0426208+00:00" endTime="2025-08-15T08:45:04.0426502+00:00" testType="13cdc9d9-ddb5-4fa4-a97d-d965ccfc6d4b" outcome="Passed" testListId="8c84fa94-04c1-424b-9868-57a2d4851a1d" relativeResultsDirectory="dc94bd6f-1205-4feb-b343-196dd6467c86" />
    <UnitTestResult executionId="e51ae6bb-0adc-4b37-87a9-910eaa2be873" testId="7f081e1d-6a58-3e76-9ab9-4ebbc6f29cbf" testName="Backend.Tests.Application.Services.TenantServiceTests.CreateAsync_Fails_WhenNameOrSlugMissing" computerName="898f9ba0cdbc" duration="00:00:00.0007617" startTime="2025-08-15T08:45:04.0715867+00:00" endTime="2025-08-15T08:45:04.0718310+00:00" testType="13cdc9d9-ddb5-4fa4-a97d-d965ccfc6d4b" outcome="Passed" testListId="8c84fa94-04c1-424b-9868-57a2d4851a1d" relativeResultsDirectory="e51ae6bb-0adc-4b37-87a9-910eaa2be873" />
    <UnitTestResult executionId="4dbc20b7-ea2f-434d-8d59-61bf54444698" testId="dac6d23d-e9c0-48d6-e3c6-4d3e2cc8a742" testName="Backend.Tests.Application.Services.TenantServiceTests.UploadLogoAsync_Succeeds_WhenValid" computerName="898f9ba0cdbc" duration="00:00:00.0044170" startTime="2025-08-15T08:45:04.0670927+00:00" endTime="2025-08-15T08:45:04.0710118+00:00" testType="13cdc9d9-ddb5-4fa4-a97d-d965ccfc6d4b" outcome="Passed" testListId="8c84fa94-04c1-424b-9868-57a2d4851a1d" relativeResultsDirectory="4dbc20b7-ea2f-434d-8d59-61bf54444698" />
  </Results>
  <TestDefinitions>
    <UnitTest name="Backend.Tests.Application.Services.TenantServiceTests.UploadLogoAsync_Fails_WhenInvalidFileType" storage="/app/test/bin/debug/net8.0/backend.tests.dll" id="166c7e95-8849-1710-434e-ed0d31c1f324">
      <Execution id="0d3a09b5-90d8-438a-be6a-db7537e364bd" />
      <TestMethod codeBase="/app/test/bin/Debug/net8.0/Backend.Tests.dll" adapterTypeName="executor://xunit/VsTestRunner3/netcore/" className="Backend.Tests.Application.Services.TenantServiceTests" name="UploadLogoAsync_Fails_WhenInvalidFileType" />
    </UnitTest>
    <UnitTest name="Backend.Tests.Application.Services.AuthServiceTests.RegisterAsync_Succeeds_WhenValid" storage="/app/test/bin/debug/net8.0/backend.tests.dll" id="8dd6e572-26cc-8c1d-05bc-0cc5fe4a483a">
      <Execution id="9cd10494-5e62-46bb-9dcb-15010f8f7621" />
      <TestMethod codeBase="/app/test/bin/Debug/net8.0/Backend.Tests.dll" adapterTypeName="executor://xunit/VsTestRunner3/netcore/" className="Backend.Tests.Application.Services.AuthServiceTests" name="RegisterAsync_Succeeds_WhenValid" />
    </UnitTest>
    <UnitTest name="Backend.Tests.Application.Services.TenantHierarchyServiceTests.CreateNodeAsync_Fails_WhenParentNotFound" storage="/app/test/bin/debug/net8.0/backend.tests.dll" id="a3815c71-aa9d-5791-b0c8-47317dbfd503">
      <Execution id="9db9dfe0-07f4-43c5-91db-62668e623a1f" />
      <TestMethod codeBase="/app/test/bin/Debug/net8.0/Backend.Tests.dll" adapterTypeName="executor://xunit/VsTestRunner3/netcore/" className="Backend.Tests.Application.Services.TenantHierarchyServiceTests" name="CreateNodeAsync_Fails_WhenParentNotFound" />
    </UnitTest>
    <UnitTest name="Backend.Tests.Application.Services.TenantServiceTests.CreateAsync_Fails_WhenSlugAlreadyExists" storage="/app/test/bin/debug/net8.0/backend.tests.dll" id="758c0741-af53-7d63-a76f-c8ceca60c790">
      <Execution id="10a07d19-cc34-489c-bce6-17753dd5b39c" />
      <TestMethod codeBase="/app/test/bin/Debug/net8.0/Backend.Tests.dll" adapterTypeName="executor://xunit/VsTestRunner3/netcore/" className="Backend.Tests.Application.Services.TenantServiceTests" name="CreateAsync_Fails_WhenSlugAlreadyExists" />
    </UnitTest>
    <UnitTest name="Backend.Tests.Application.Services.TenantServiceTests.UploadLogoAsync_Fails_WhenTenantNotFound" storage="/app/test/bin/debug/net8.0/backend.tests.dll" id="9e12ea75-cbd6-c870-5cbc-255b6a0bb296">
      <Execution id="015e8e08-6463-4d85-96c8-45187d8b892a" />
      <TestMethod codeBase="/app/test/bin/Debug/net8.0/Backend.Tests.dll" adapterTypeName="executor://xunit/VsTestRunner3/netcore/" className="Backend.Tests.Application.Services.TenantServiceTests" name="UploadLogoAsync_Fails_WhenTenantNotFound" />
    </UnitTest>
    <UnitTest name="Backend.Tests.Application.Services.TenantHierarchyServiceTests.CreateNodeAsync_Fails_WhenSlugExists" storage="/app/test/bin/debug/net8.0/backend.tests.dll" id="7c8cc0ec-8308-6d27-6faf-a5ec55afaad0">
      <Execution id="6b7f9099-7657-4e2d-87e2-04a7d7906680" />
      <TestMethod codeBase="/app/test/bin/Debug/net8.0/Backend.Tests.dll" adapterTypeName="executor://xunit/VsTestRunner3/netcore/" className="Backend.Tests.Application.Services.TenantHierarchyServiceTests" name="CreateNodeAsync_Fails_WhenSlugExists" />
    </UnitTest>
    <UnitTest name="Backend.Tests.Application.Services.TenantHierarchyServiceTests.CreateNodeAsync_Fails_WhenNameOrSlugMissing" storage="/app/test/bin/debug/net8.0/backend.tests.dll" id="5ae620a9-90e0-34e5-c41a-79b9bfc42520">
      <Execution id="c4668048-9675-4c28-bcc5-428bbd5e3c5a" />
      <TestMethod codeBase="/app/test/bin/Debug/net8.0/Backend.Tests.dll" adapterTypeName="executor://xunit/VsTestRunner3/netcore/" className="Backend.Tests.Application.Services.TenantHierarchyServiceTests" name="CreateNodeAsync_Fails_WhenNameOrSlugMissing" />
    </UnitTest>
    <UnitTest name="Backend.Tests.Application.Services.UserMembershipServiceTests.AssignAsync_CreatesMembership_And_RespectsDefaultUniqueness" storage="/app/test/bin/debug/net8.0/backend.tests.dll" id="b314de46-f999-4074-66d9-031bf396ce1e">
      <Execution id="164b2214-91a6-4907-aa5c-1c169bb47154" />
      <TestMethod codeBase="/app/test/bin/Debug/net8.0/Backend.Tests.dll" adapterTypeName="executor://xunit/VsTestRunner3/netcore/" className="Backend.Tests.Application.Services.UserMembershipServiceTests" name="AssignAsync_CreatesMembership_And_RespectsDefaultUniqueness" />
    </UnitTest>
    <UnitTest name="Backend.Tests.Application.Services.TenantServiceTests.CreateAsync_Succeeds_WithValidInput" storage="/app/test/bin/debug/net8.0/backend.tests.dll" id="0aa6adfc-662a-ae78-4c2c-2e6af6dad68c">
      <Execution id="f4601d0e-3d5c-4c2d-a83a-2649b5ec5c2c" />
      <TestMethod codeBase="/app/test/bin/Debug/net8.0/Backend.Tests.dll" adapterTypeName="executor://xunit/VsTestRunner3/netcore/" className="Backend.Tests.Application.Services.TenantServiceTests" name="CreateAsync_Succeeds_WithValidInput" />
    </UnitTest>
    <UnitTest name="Backend.Tests.Application.Services.AuthServiceTests.RegisterAsync_Fails_WhenTenantRoleGivenButTenantIdMissing" storage="/app/test/bin/debug/net8.0/backend.tests.dll" id="a4c5eedf-dbce-d8b0-f488-e4404f4238b5">
      <Execution id="581dfb48-b509-4760-a0f9-4b6bc1eeaf5f" />
      <TestMethod codeBase="/app/test/bin/Debug/net8.0/Backend.Tests.dll" adapterTypeName="executor://xunit/VsTestRunner3/netcore/" className="Backend.Tests.Application.Services.AuthServiceTests" name="RegisterAsync_Fails_WhenTenantRoleGivenButTenantIdMissing" />
    </UnitTest>
    <UnitTest name="Backend.Tests.Application.Services.TenantHierarchyServiceTests.CreateNodeAsync_Fails_WhenLevelInvalid" storage="/app/test/bin/debug/net8.0/backend.tests.dll" id="e1218490-ed27-cd20-895a-b924795a36b5">
      <Execution id="dc94bd6f-1205-4feb-b343-196dd6467c86" />
      <TestMethod codeBase="/app/test/bin/Debug/net8.0/Backend.Tests.dll" adapterTypeName="executor://xunit/VsTestRunner3/netcore/" className="Backend.Tests.Application.Services.TenantHierarchyServiceTests" name="CreateNodeAsync_Fails_WhenLevelInvalid" />
    </UnitTest>
    <UnitTest name="Backend.Tests.Application.Services.AuthServiceTests.RegisterAsync_Fails_WhenEmailOrPasswordMissing" storage="/app/test/bin/debug/net8.0/backend.tests.dll" id="8e80ccc0-8ac3-57c4-dad4-91d2b940bff3">
      <Execution id="87c0948e-5bd7-4fbb-89d8-b72257b9c633" />
      <TestMethod codeBase="/app/test/bin/Debug/net8.0/Backend.Tests.dll" adapterTypeName="executor://xunit/VsTestRunner3/netcore/" className="Backend.Tests.Application.Services.AuthServiceTests" name="RegisterAsync_Fails_WhenEmailOrPasswordMissing" />
    </UnitTest>
    <UnitTest name="Backend.Tests.Application.Services.TenantServiceTests.ListAsync_ReturnsAllTenants" storage="/app/test/bin/debug/net8.0/backend.tests.dll" id="b1f9dcfc-4826-c0d0-ca6d-f3df91f36437">
      <Execution id="67f82b27-c1ac-4e0c-a36b-bd5084283ff1" />
      <TestMethod codeBase="/app/test/bin/Debug/net8.0/Backend.Tests.dll" adapterTypeName="executor://xunit/VsTestRunner3/netcore/" className="Backend.Tests.Application.Services.TenantServiceTests" name="ListAsync_ReturnsAllTenants" />
    </UnitTest>
    <UnitTest name="Backend.Tests.Application.Services.TenantHierarchyServiceTests.CreateNodeAsync_Succeeds_ForValidChild" storage="/app/test/bin/debug/net8.0/backend.tests.dll" id="2da42b9a-72bb-4b25-9b0b-01ad5725aabc">
      <Execution id="66b8a19d-4af6-4342-8641-d87bc6497ce0" />
      <TestMethod codeBase="/app/test/bin/Debug/net8.0/Backend.Tests.dll" adapterTypeName="executor://xunit/VsTestRunner3/netcore/" className="Backend.Tests.Application.Services.TenantHierarchyServiceTests" name="CreateNodeAsync_Succeeds_ForValidChild" />
    </UnitTest>
    <UnitTest name="Backend.Tests.Application.Services.TenantServiceTests.CreateAsync_Fails_WhenNameOrSlugMissing" storage="/app/test/bin/debug/net8.0/backend.tests.dll" id="7f081e1d-6a58-3e76-9ab9-4ebbc6f29cbf">
      <Execution id="e51ae6bb-0adc-4b37-87a9-910eaa2be873" />
      <TestMethod codeBase="/app/test/bin/Debug/net8.0/Backend.Tests.dll" adapterTypeName="executor://xunit/VsTestRunner3/netcore/" className="Backend.Tests.Application.Services.TenantServiceTests" name="CreateAsync_Fails_WhenNameOrSlugMissing" />
    </UnitTest>
    <UnitTest name="Backend.Tests.Application.Services.TenantHierarchyServiceTests.CreateNodeAsync_Fails_WhenRootNodeLevelNotOrganization" storage="/app/test/bin/debug/net8.0/backend.tests.dll" id="902e1281-b133-ca94-1926-d38e5bbe399d">
      <Execution id="da02125f-2c07-4a2c-9e6b-884e244e9002" />
      <TestMethod codeBase="/app/test/bin/Debug/net8.0/Backend.Tests.dll" adapterTypeName="executor://xunit/VsTestRunner3/netcore/" className="Backend.Tests.Application.Services.TenantHierarchyServiceTests" name="CreateNodeAsync_Fails_WhenRootNodeLevelNotOrganization" />
    </UnitTest>
    <UnitTest name="Backend.Tests.Application.Common.ResultTests.OkT_ShouldCarryValue" storage="/app/test/bin/debug/net8.0/backend.tests.dll" id="87afd9a9-3a76-05dc-5136-4351a04ca482">
      <Execution id="add7db0e-d66c-4ecc-9b89-1e268e734e74" />
      <TestMethod codeBase="/app/test/bin/Debug/net8.0/Backend.Tests.dll" adapterTypeName="executor://xunit/VsTestRunner3/netcore/" className="Backend.Tests.Application.Common.ResultTests" name="OkT_ShouldCarryValue" />
    </UnitTest>
    <UnitTest name="Backend.Tests.Application.Services.TenantHierarchyServiceTests.CreateNodeAsync_Succeeds_ForValidRootNode" storage="/app/test/bin/debug/net8.0/backend.tests.dll" id="a3cc466e-448c-e81e-fbe1-30c54c91504e">
      <Execution id="d0cca344-69ac-4c20-bfc7-a93ebdb6badc" />
      <TestMethod codeBase="/app/test/bin/Debug/net8.0/Backend.Tests.dll" adapterTypeName="executor://xunit/VsTestRunner3/netcore/" className="Backend.Tests.Application.Services.TenantHierarchyServiceTests" name="CreateNodeAsync_Succeeds_ForValidRootNode" />
    </UnitTest>
    <UnitTest name="Backend.Tests.Application.Services.AuthServiceTests.RegisterAsync_Fails_WhenTenantNotFound" storage="/app/test/bin/debug/net8.0/backend.tests.dll" id="3f3095e8-455c-9033-a44f-fd001bf06c95">
      <Execution id="d7930f1e-f7f2-445f-813a-2048c37d02a6" />
      <TestMethod codeBase="/app/test/bin/Debug/net8.0/Backend.Tests.dll" adapterTypeName="executor://xunit/VsTestRunner3/netcore/" className="Backend.Tests.Application.Services.AuthServiceTests" name="RegisterAsync_Fails_WhenTenantNotFound" />
    </UnitTest>
    <UnitTest name="Backend.Tests.Application.Common.ResultTests.Ok_ShouldBeSuccess" storage="/app/test/bin/debug/net8.0/backend.tests.dll" id="a9043202-6086-a274-0650-b47c22eec854">
      <Execution id="4eaa3d0e-2f9d-45ed-a406-58cd08bb959c" />
      <TestMethod codeBase="/app/test/bin/Debug/net8.0/Backend.Tests.dll" adapterTypeName="executor://xunit/VsTestRunner3/netcore/" className="Backend.Tests.Application.Common.ResultTests" name="Ok_ShouldBeSuccess" />
    </UnitTest>
    <UnitTest name="Backend.Tests.Application.Services.TenantServiceTests.ToggleAsync_Fails_WhenTenantNotFound" storage="/app/test/bin/debug/net8.0/backend.tests.dll" id="b9c6cb93-5ac8-e980-32ab-a1b9d58b5c1e">
      <Execution id="775a593a-1615-44b8-9b4f-69416af8b80b" />
      <TestMethod codeBase="/app/test/bin/Debug/net8.0/Backend.Tests.dll" adapterTypeName="executor://xunit/VsTestRunner3/netcore/" className="Backend.Tests.Application.Services.TenantServiceTests" name="ToggleAsync_Fails_WhenTenantNotFound" />
    </UnitTest>
    <UnitTest name="Backend.Tests.Application.Services.TenantServiceTests.UploadLogoAsync_Succeeds_WhenValid" storage="/app/test/bin/debug/net8.0/backend.tests.dll" id="dac6d23d-e9c0-48d6-e3c6-4d3e2cc8a742">
      <Execution id="4dbc20b7-ea2f-434d-8d59-61bf54444698" />
      <TestMethod codeBase="/app/test/bin/Debug/net8.0/Backend.Tests.dll" adapterTypeName="executor://xunit/VsTestRunner3/netcore/" className="Backend.Tests.Application.Services.TenantServiceTests" name="UploadLogoAsync_Succeeds_WhenValid" />
    </UnitTest>
    <UnitTest name="Backend.Tests.Application.Services.TenantServiceTests.ToggleAsync_Succeeds" storage="/app/test/bin/debug/net8.0/backend.tests.dll" id="024786ea-bb0b-b19e-9893-7d2d49fc7763">
      <Execution id="1012cc42-af3d-46e1-b023-ee01447740ce" />
      <TestMethod codeBase="/app/test/bin/Debug/net8.0/Backend.Tests.dll" adapterTypeName="executor://xunit/VsTestRunner3/netcore/" className="Backend.Tests.Application.Services.TenantServiceTests" name="ToggleAsync_Succeeds" />
    </UnitTest>
    <UnitTest name="Backend.Tests.Application.Services.UserMembershipServiceTests.AssignAsync_Fails_WhenTenantInactive" storage="/app/test/bin/debug/net8.0/backend.tests.dll" id="838d2943-bac4-47c8-047d-cf1cda0b9034">
      <Execution id="c5f31b8f-d583-42b7-8649-f84d1cc0ba3e" />
      <TestMethod codeBase="/app/test/bin/Debug/net8.0/Backend.Tests.dll" adapterTypeName="executor://xunit/VsTestRunner3/netcore/" className="Backend.Tests.Application.Services.UserMembershipServiceTests" name="AssignAsync_Fails_WhenTenantInactive" />
    </UnitTest>
    <UnitTest name="Backend.Tests.Application.Services.UserServiceTests.ListAsync_FiltersByTenant" storage="/app/test/bin/debug/net8.0/backend.tests.dll" id="960bfbc9-f976-c6d1-9ede-34a2f7431ece">
      <Execution id="a3a089ee-84a1-4ef6-81e9-32009c9dd380" />
      <TestMethod codeBase="/app/test/bin/Debug/net8.0/Backend.Tests.dll" adapterTypeName="executor://xunit/VsTestRunner3/netcore/" className="Backend.Tests.Application.Services.UserServiceTests" name="ListAsync_FiltersByTenant" />
    </UnitTest>
    <UnitTest name="Backend.Tests.Application.Services.UserMembershipServiceTests.AssignAsync_Fails_WhenDuplicateMembership" storage="/app/test/bin/debug/net8.0/backend.tests.dll" id="31b21664-7780-d361-6791-8b951656c8c7">
      <Execution id="ba2607a1-1862-4cc4-9d9f-c7b3b6664c98" />
      <TestMethod codeBase="/app/test/bin/Debug/net8.0/Backend.Tests.dll" adapterTypeName="executor://xunit/VsTestRunner3/netcore/" className="Backend.Tests.Application.Services.UserMembershipServiceTests" name="AssignAsync_Fails_WhenDuplicateMembership" />
    </UnitTest>
    <UnitTest name="Backend.Tests.Application.Common.ResultTests.Fail_ShouldContainErrorAndStatus" storage="/app/test/bin/debug/net8.0/backend.tests.dll" id="7b607913-2dc2-8669-91fa-0b8c344313f1">
      <Execution id="98f064c8-82d2-444e-bc27-cb318c23b6ef" />
      <TestMethod codeBase="/app/test/bin/Debug/net8.0/Backend.Tests.dll" adapterTypeName="executor://xunit/VsTestRunner3/netcore/" className="Backend.Tests.Application.Common.ResultTests" name="Fail_ShouldContainErrorAndStatus" />
    </UnitTest>
    <UnitTest name="Backend.Tests.UnitTest1.Test1" storage="/app/test/bin/debug/net8.0/backend.tests.dll" id="4a8bd80c-6c50-040b-b2ee-c54bffc15279">
      <Execution id="a8732524-9109-4d23-9fa0-7fe4560d5828" />
      <TestMethod codeBase="/app/test/bin/Debug/net8.0/Backend.Tests.dll" adapterTypeName="executor://xunit/VsTestRunner3/netcore/" className="Backend.Tests.UnitTest1" name="Test1" />
    </UnitTest>
    <UnitTest name="Backend.Tests.Application.Services.TenantHierarchyServiceTests.CreateNodeAsync_Fails_WhenChildLevelIsNotGreaterThanParent" storage="/app/test/bin/debug/net8.0/backend.tests.dll" id="b2790293-7952-1132-eda7-acc268ff8299">
      <Execution id="63f76cfa-bb74-4589-af69-f755970a6f7b" />
      <TestMethod codeBase="/app/test/bin/Debug/net8.0/Backend.Tests.dll" adapterTypeName="executor://xunit/VsTestRunner3/netcore/" className="Backend.Tests.Application.Services.TenantHierarchyServiceTests" name="CreateNodeAsync_Fails_WhenChildLevelIsNotGreaterThanParent" />
    </UnitTest>
    <UnitTest name="Backend.Tests.Application.Services.TenantPublicServiceTests.GetCurrentTenantAsync_ReturnsTenant_WhenActive" storage="/app/test/bin/debug/net8.0/backend.tests.dll" id="c188d562-53da-3857-db1c-269faa4e2a3f">
      <Execution id="c8c6dae0-2fd1-4209-8b6f-283bab2b2bec" />
      <TestMethod codeBase="/app/test/bin/Debug/net8.0/Backend.Tests.dll" adapterTypeName="executor://xunit/VsTestRunner3/netcore/" className="Backend.Tests.Application.Services.TenantPublicServiceTests" name="GetCurrentTenantAsync_ReturnsTenant_WhenActive" />
    </UnitTest>
    <UnitTest name="Backend.Tests.Application.Services.TenantPublicServiceTests.GetCurrentTenantAsync_Fails_WhenNotFoundOrInactive" storage="/app/test/bin/debug/net8.0/backend.tests.dll" id="0b3e4e71-0238-4296-85eb-e5ab771642a8">
      <Execution id="2bfb6ff0-efe5-472f-9582-38f9bbaf26b5" />
      <TestMethod codeBase="/app/test/bin/Debug/net8.0/Backend.Tests.dll" adapterTypeName="executor://xunit/VsTestRunner3/netcore/" className="Backend.Tests.Application.Services.TenantPublicServiceTests" name="GetCurrentTenantAsync_Fails_WhenNotFoundOrInactive" />
    </UnitTest>
    <UnitTest name="Backend.Tests.Application.Services.AuthServiceTests.RegisterAsync_Fails_WhenUserAlreadyExists" storage="/app/test/bin/debug/net8.0/backend.tests.dll" id="db482b59-5d5f-328d-387e-b93bb8b5a3dc">
      <Execution id="2a2e3a07-97f1-452d-90d0-0210a0b8dab6" />
      <TestMethod codeBase="/app/test/bin/Debug/net8.0/Backend.Tests.dll" adapterTypeName="executor://xunit/VsTestRunner3/netcore/" className="Backend.Tests.Application.Services.AuthServiceTests" name="RegisterAsync_Fails_WhenUserAlreadyExists" />
    </UnitTest>
  </TestDefinitions>
  <TestEntries>
    <TestEntry testId="166c7e95-8849-1710-434e-ed0d31c1f324" executionId="0d3a09b5-90d8-438a-be6a-db7537e364bd" testListId="8c84fa94-04c1-424b-9868-57a2d4851a1d" />
    <TestEntry testId="838d2943-bac4-47c8-047d-cf1cda0b9034" executionId="c5f31b8f-d583-42b7-8649-f84d1cc0ba3e" testListId="8c84fa94-04c1-424b-9868-57a2d4851a1d" />
    <TestEntry testId="024786ea-bb0b-b19e-9893-7d2d49fc7763" executionId="1012cc42-af3d-46e1-b023-ee01447740ce" testListId="8c84fa94-04c1-424b-9868-57a2d4851a1d" />
    <TestEntry testId="4a8bd80c-6c50-040b-b2ee-c54bffc15279" executionId="a8732524-9109-4d23-9fa0-7fe4560d5828" testListId="8c84fa94-04c1-424b-9868-57a2d4851a1d" />
    <TestEntry testId="0aa6adfc-662a-ae78-4c2c-2e6af6dad68c" executionId="f4601d0e-3d5c-4c2d-a83a-2649b5ec5c2c" testListId="8c84fa94-04c1-424b-9868-57a2d4851a1d" />
    <TestEntry testId="a4c5eedf-dbce-d8b0-f488-e4404f4238b5" executionId="581dfb48-b509-4760-a0f9-4b6bc1eeaf5f" testListId="8c84fa94-04c1-424b-9868-57a2d4851a1d" />
    <TestEntry testId="0b3e4e71-0238-4296-85eb-e5ab771642a8" executionId="2bfb6ff0-efe5-472f-9582-38f9bbaf26b5" testListId="8c84fa94-04c1-424b-9868-57a2d4851a1d" />
    <TestEntry testId="8e80ccc0-8ac3-57c4-dad4-91d2b940bff3" executionId="87c0948e-5bd7-4fbb-89d8-b72257b9c633" testListId="8c84fa94-04c1-424b-9868-57a2d4851a1d" />
    <TestEntry testId="b314de46-f999-4074-66d9-031bf396ce1e" executionId="164b2214-91a6-4907-aa5c-1c169bb47154" testListId="8c84fa94-04c1-424b-9868-57a2d4851a1d" />
    <TestEntry testId="758c0741-af53-7d63-a76f-c8ceca60c790" executionId="10a07d19-cc34-489c-bce6-17753dd5b39c" testListId="8c84fa94-04c1-424b-9868-57a2d4851a1d" />
    <TestEntry testId="9e12ea75-cbd6-c870-5cbc-255b6a0bb296" executionId="015e8e08-6463-4d85-96c8-45187d8b892a" testListId="8c84fa94-04c1-424b-9868-57a2d4851a1d" />
    <TestEntry testId="5ae620a9-90e0-34e5-c41a-79b9bfc42520" executionId="c4668048-9675-4c28-bcc5-428bbd5e3c5a" testListId="8c84fa94-04c1-424b-9868-57a2d4851a1d" />
    <TestEntry testId="902e1281-b133-ca94-1926-d38e5bbe399d" executionId="da02125f-2c07-4a2c-9e6b-884e244e9002" testListId="8c84fa94-04c1-424b-9868-57a2d4851a1d" />
    <TestEntry testId="3f3095e8-455c-9033-a44f-fd001bf06c95" executionId="d7930f1e-f7f2-445f-813a-2048c37d02a6" testListId="8c84fa94-04c1-424b-9868-57a2d4851a1d" />
    <TestEntry testId="b1f9dcfc-4826-c0d0-ca6d-f3df91f36437" executionId="67f82b27-c1ac-4e0c-a36b-bd5084283ff1" testListId="8c84fa94-04c1-424b-9868-57a2d4851a1d" />
    <TestEntry testId="a3815c71-aa9d-5791-b0c8-47317dbfd503" executionId="9db9dfe0-07f4-43c5-91db-62668e623a1f" testListId="8c84fa94-04c1-424b-9868-57a2d4851a1d" />
    <TestEntry testId="b9c6cb93-5ac8-e980-32ab-a1b9d58b5c1e" executionId="775a593a-1615-44b8-9b4f-69416af8b80b" testListId="8c84fa94-04c1-424b-9868-57a2d4851a1d" />
    <TestEntry testId="db482b59-5d5f-328d-387e-b93bb8b5a3dc" executionId="2a2e3a07-97f1-452d-90d0-0210a0b8dab6" testListId="8c84fa94-04c1-424b-9868-57a2d4851a1d" />
    <TestEntry testId="960bfbc9-f976-c6d1-9ede-34a2f7431ece" executionId="a3a089ee-84a1-4ef6-81e9-32009c9dd380" testListId="8c84fa94-04c1-424b-9868-57a2d4851a1d" />
    <TestEntry testId="87afd9a9-3a76-05dc-5136-4351a04ca482" executionId="add7db0e-d66c-4ecc-9b89-1e268e734e74" testListId="8c84fa94-04c1-424b-9868-57a2d4851a1d" />
    <TestEntry testId="7b607913-2dc2-8669-91fa-0b8c344313f1" executionId="98f064c8-82d2-444e-bc27-cb318c23b6ef" testListId="8c84fa94-04c1-424b-9868-57a2d4851a1d" />
    <TestEntry testId="a9043202-6086-a274-0650-b47c22eec854" executionId="4eaa3d0e-2f9d-45ed-a406-58cd08bb959c" testListId="8c84fa94-04c1-424b-9868-57a2d4851a1d" />
    <TestEntry testId="2da42b9a-72bb-4b25-9b0b-01ad5725aabc" executionId="66b8a19d-4af6-4342-8641-d87bc6497ce0" testListId="8c84fa94-04c1-424b-9868-57a2d4851a1d" />
    <TestEntry testId="7c8cc0ec-8308-6d27-6faf-a5ec55afaad0" executionId="6b7f9099-7657-4e2d-87e2-04a7d7906680" testListId="8c84fa94-04c1-424b-9868-57a2d4851a1d" />
    <TestEntry testId="c188d562-53da-3857-db1c-269faa4e2a3f" executionId="c8c6dae0-2fd1-4209-8b6f-283bab2b2bec" testListId="8c84fa94-04c1-424b-9868-57a2d4851a1d" />
    <TestEntry testId="b2790293-7952-1132-eda7-acc268ff8299" executionId="63f76cfa-bb74-4589-af69-f755970a6f7b" testListId="8c84fa94-04c1-424b-9868-57a2d4851a1d" />
    <TestEntry testId="31b21664-7780-d361-6791-8b951656c8c7" executionId="ba2607a1-1862-4cc4-9d9f-c7b3b6664c98" testListId="8c84fa94-04c1-424b-9868-57a2d4851a1d" />
    <TestEntry testId="a3cc466e-448c-e81e-fbe1-30c54c91504e" executionId="d0cca344-69ac-4c20-bfc7-a93ebdb6badc" testListId="8c84fa94-04c1-424b-9868-57a2d4851a1d" />
    <TestEntry testId="8dd6e572-26cc-8c1d-05bc-0cc5fe4a483a" executionId="9cd10494-5e62-46bb-9dcb-15010f8f7621" testListId="8c84fa94-04c1-424b-9868-57a2d4851a1d" />
    <TestEntry testId="e1218490-ed27-cd20-895a-b924795a36b5" executionId="dc94bd6f-1205-4feb-b343-196dd6467c86" testListId="8c84fa94-04c1-424b-9868-57a2d4851a1d" />
    <TestEntry testId="7f081e1d-6a58-3e76-9ab9-4ebbc6f29cbf" executionId="e51ae6bb-0adc-4b37-87a9-910eaa2be873" testListId="8c84fa94-04c1-424b-9868-57a2d4851a1d" />
    <TestEntry testId="dac6d23d-e9c0-48d6-e3c6-4d3e2cc8a742" executionId="4dbc20b7-ea2f-434d-8d59-61bf54444698" testListId="8c84fa94-04c1-424b-9868-57a2d4851a1d" />
  </TestEntries>
  <TestLists>
    <TestList name="Results Not in a List" id="8c84fa94-04c1-424b-9868-57a2d4851a1d" />
    <TestList name="All Loaded Results" id="19431567-8539-422a-85d7-44ee4e166bda" />
  </TestLists>
  <ResultSummary outcome="Completed">
    <Counters total="32" executed="32" passed="32" failed="0" error="0" timeout="0" aborted="0" inconclusive="0" passedButRunAborted="0" notRunnable="0" notExecuted="0" disconnected="0" warning="0" completed="0" inProgress="0" pending="0" />
    <Output>
      <StdOut>[xUnit.net 00:00:00.00] xUnit.net VSTest Adapter v3.1.3+b1b99bdeb3 (64-bit .NET 8.0.19)
[xUnit.net 00:00:00.03]   Discovering: Backend.Tests
[xUnit.net 00:00:00.05]   Discovered:  Backend.Tests
[xUnit.net 00:00:00.06]   Starting:    Backend.Tests
[xUnit.net 00:00:00.89]   Finished:    Backend.Tests
</StdOut>
    </Output>
    <CollectorDataEntries>
      <Collector agentName="898f9ba0cdbc" uri="datacollector://microsoft/CoverletCodeCoverage/1.0" collectorDisplayName="XPlat code coverage">
        <UriAttachments>
          <UriAttachment>
            <A href="898f9ba0cdbc/coverage.cobertura.xml"></A>
          </UriAttachment>
        </UriAttachments>
      </Collector>
    </CollectorDataEntries>
  </ResultSummary>
</TestRun>