<?xml version="1.0" encoding="utf-8"?>
<TestRun id="44879be4-115e-4a92-b88d-2d3834a5cbbe" name="@898f9ba0cdbc 2025-08-15 10:24:20" xmlns="http://microsoft.com/schemas/VisualStudio/TeamTest/2010">
  <Times creation="2025-08-15T10:24:20.2493618+00:00" queuing="2025-08-15T10:24:20.2493619+00:00" start="2025-08-15T10:24:19.5769081+00:00" finish="2025-08-15T10:24:21.1710490+00:00" />
  <TestSettings name="default" id="41e1874a-0a01-42cf-95e9-d4e63fbf5b79">
    <Deployment runDeploymentRoot="_898f9ba0cdbc_2025-08-15_10_24_20" />
  </TestSettings>
  <Results>
    <UnitTestResult executionId="f32d923e-2000-40bf-bb6d-4dd251efa455" testId="a9043202-6086-a274-0650-b47c22eec854" testName="Backend.Tests.Application.Common.ResultTests.Ok_ShouldBeSuccess" computerName="898f9ba0cdbc" duration="00:00:00.0006912" startTime="2025-08-15T10:24:20.2256628+00:00" endTime="2025-08-15T10:24:20.2257162+00:00" testType="13cdc9d9-ddb5-4fa4-a97d-d965ccfc6d4b" outcome="Passed" testListId="8c84fa94-04c1-424b-9868-57a2d4851a1d" relativeResultsDirectory="f32d923e-2000-40bf-bb6d-4dd251efa455" />
    <UnitTestResult executionId="acaee262-1cda-45b2-ac0d-1fabca047b15" testId="8e80ccc0-8ac3-57c4-dad4-91d2b940bff3" testName="Backend.Tests.Application.Services.AuthServiceTests.RegisterAsync_Fails_WhenEmailOrPasswordMissing" computerName="898f9ba0cdbc" duration="00:00:00.2917290" startTime="2025-08-15T10:24:20.2187637+00:00" endTime="2025-08-15T10:24:20.5031191+00:00" testType="13cdc9d9-ddb5-4fa4-a97d-d965ccfc6d4b" outcome="Passed" testListId="8c84fa94-04c1-424b-9868-57a2d4851a1d" relativeResultsDirectory="acaee262-1cda-45b2-ac0d-1fabca047b15" />
    <UnitTestResult executionId="0871167a-75e7-4a89-b9b4-36102ba7a139" testId="a3815c71-aa9d-5791-b0c8-47317dbfd503" testName="Backend.Tests.Application.Services.TenantHierarchyServiceTests.CreateNodeAsync_Fails_WhenParentNotFound" computerName="898f9ba0cdbc" duration="00:00:00.0016240" startTime="2025-08-15T10:24:20.5389707+00:00" endTime="2025-08-15T10:24:20.5393270+00:00" testType="13cdc9d9-ddb5-4fa4-a97d-d965ccfc6d4b" outcome="Passed" testListId="8c84fa94-04c1-424b-9868-57a2d4851a1d" relativeResultsDirectory="0871167a-75e7-4a89-b9b4-36102ba7a139" />
    <UnitTestResult executionId="ae2dfbf3-e92c-407c-9114-33a3188e2e74" testId="87afd9a9-3a76-05dc-5136-4351a04ca482" testName="Backend.Tests.Application.Common.ResultTests.OkT_ShouldCarryValue" computerName="898f9ba0cdbc" duration="00:00:00.0002913" startTime="2025-08-15T10:24:20.2263807+00:00" endTime="2025-08-15T10:24:20.2264182+00:00" testType="13cdc9d9-ddb5-4fa4-a97d-d965ccfc6d4b" outcome="Passed" testListId="8c84fa94-04c1-424b-9868-57a2d4851a1d" relativeResultsDirectory="ae2dfbf3-e92c-407c-9114-33a3188e2e74" />
    <UnitTestResult executionId="bffd377c-a6be-432d-85c5-f2e82c490495" testId="758c0741-af53-7d63-a76f-c8ceca60c790" testName="Backend.Tests.Application.Services.TenantServiceTests.CreateAsync_Fails_WhenSlugAlreadyExists" computerName="898f9ba0cdbc" duration="00:00:00.0190499" startTime="2025-08-15T10:24:20.5484217+00:00" endTime="2025-08-15T10:24:20.5668562+00:00" testType="13cdc9d9-ddb5-4fa4-a97d-d965ccfc6d4b" outcome="Passed" testListId="8c84fa94-04c1-424b-9868-57a2d4851a1d" relativeResultsDirectory="bffd377c-a6be-432d-85c5-f2e82c490495" />
    <UnitTestResult executionId="ba329728-e100-4a9f-acf5-a41f5fa47c08" testId="0b3e4e71-0238-4296-85eb-e5ab771642a8" testName="Backend.Tests.Application.Services.TenantPublicServiceTests.GetCurrentTenantAsync_Fails_WhenNotFoundOrInactive" computerName="898f9ba0cdbc" duration="00:00:00.2800500" startTime="2025-08-15T10:24:20.2187494+00:00" endTime="2025-08-15T10:24:20.4909645+00:00" testType="13cdc9d9-ddb5-4fa4-a97d-d965ccfc6d4b" outcome="Passed" testListId="8c84fa94-04c1-424b-9868-57a2d4851a1d" relativeResultsDirectory="ba329728-e100-4a9f-acf5-a41f5fa47c08" />
    <UnitTestResult executionId="eda8347e-f972-49a1-acd3-9136a584a4aa" testId="a3cc466e-448c-e81e-fbe1-30c54c91504e" testName="Backend.Tests.Application.Services.TenantHierarchyServiceTests.CreateNodeAsync_Succeeds_ForValidRootNode" computerName="898f9ba0cdbc" duration="00:00:00.0023584" startTime="2025-08-15T10:24:20.5338932+00:00" endTime="2025-08-15T10:24:20.5339581+00:00" testType="13cdc9d9-ddb5-4fa4-a97d-d965ccfc6d4b" outcome="Passed" testListId="8c84fa94-04c1-424b-9868-57a2d4851a1d" relativeResultsDirectory="eda8347e-f972-49a1-acd3-9136a584a4aa" />
    <UnitTestResult executionId="2e48ca19-e02f-4a7e-92d7-6cd5fdebc23b" testId="3f3095e8-455c-9033-a44f-fd001bf06c95" testName="Backend.Tests.Application.Services.AuthServiceTests.RegisterAsync_Fails_WhenTenantNotFound" computerName="898f9ba0cdbc" duration="00:00:00.0076624" startTime="2025-08-15T10:24:20.5039229+00:00" endTime="2025-08-15T10:24:20.5124220+00:00" testType="13cdc9d9-ddb5-4fa4-a97d-d965ccfc6d4b" outcome="Passed" testListId="8c84fa94-04c1-424b-9868-57a2d4851a1d" relativeResultsDirectory="2e48ca19-e02f-4a7e-92d7-6cd5fdebc23b" />
    <UnitTestResult executionId="3374a0b6-1c5e-4231-8124-75645baa41ed" testId="960bfbc9-f976-c6d1-9ede-34a2f7431ece" testName="Backend.Tests.Application.Services.UserServiceTests.ListAsync_FiltersByTenant" computerName="898f9ba0cdbc" duration="00:00:00.5120059" startTime="2025-08-15T10:24:20.2181367+00:00" endTime="2025-08-15T10:24:20.7228090+00:00" testType="13cdc9d9-ddb5-4fa4-a97d-d965ccfc6d4b" outcome="Passed" testListId="8c84fa94-04c1-424b-9868-57a2d4851a1d" relativeResultsDirectory="3374a0b6-1c5e-4231-8124-75645baa41ed" />
    <UnitTestResult executionId="178c436c-c8a4-44a7-8131-614c7402ddd8" testId="8dd6e572-26cc-8c1d-05bc-0cc5fe4a483a" testName="Backend.Tests.Application.Services.AuthServiceTests.RegisterAsync_Succeeds_WhenValid" computerName="898f9ba0cdbc" duration="00:00:00.2155386" startTime="2025-08-15T10:24:20.5409194+00:00" endTime="2025-08-15T10:24:20.7525535+00:00" testType="13cdc9d9-ddb5-4fa4-a97d-d965ccfc6d4b" outcome="Passed" testListId="8c84fa94-04c1-424b-9868-57a2d4851a1d" relativeResultsDirectory="178c436c-c8a4-44a7-8131-614c7402ddd8" />
    <UnitTestResult executionId="cfe48e08-dac2-46ce-98e4-343ee587a213" testId="db482b59-5d5f-328d-387e-b93bb8b5a3dc" testName="Backend.Tests.Application.Services.AuthServiceTests.RegisterAsync_Fails_WhenUserAlreadyExists" computerName="898f9ba0cdbc" duration="00:00:00.0264247" startTime="2025-08-15T10:24:20.5133808+00:00" endTime="2025-08-15T10:24:20.5395001+00:00" testType="13cdc9d9-ddb5-4fa4-a97d-d965ccfc6d4b" outcome="Passed" testListId="8c84fa94-04c1-424b-9868-57a2d4851a1d" relativeResultsDirectory="cfe48e08-dac2-46ce-98e4-343ee587a213" />
    <UnitTestResult executionId="17b8cbee-6386-4610-a0ec-1c7e52b3f632" testId="b2790293-7952-1132-eda7-acc268ff8299" testName="Backend.Tests.Application.Services.TenantHierarchyServiceTests.CreateNodeAsync_Fails_WhenChildLevelIsNotGreaterThanParent" computerName="898f9ba0cdbc" duration="00:00:00.2932168" startTime="2025-08-15T10:24:20.2369215+00:00" endTime="2025-08-15T10:24:20.5116389+00:00" testType="13cdc9d9-ddb5-4fa4-a97d-d965ccfc6d4b" outcome="Passed" testListId="8c84fa94-04c1-424b-9868-57a2d4851a1d" relativeResultsDirectory="17b8cbee-6386-4610-a0ec-1c7e52b3f632" />
    <UnitTestResult executionId="2b0110af-1cf8-4488-a8b7-5e6d49f0bc41" testId="4a8bd80c-6c50-040b-b2ee-c54bffc15279" testName="Backend.Tests.UnitTest1.Test1" computerName="898f9ba0cdbc" duration="00:00:00.0012784" startTime="2025-08-15T10:24:20.2187771+00:00" endTime="2025-08-15T10:24:20.2192202+00:00" testType="13cdc9d9-ddb5-4fa4-a97d-d965ccfc6d4b" outcome="Passed" testListId="8c84fa94-04c1-424b-9868-57a2d4851a1d" relativeResultsDirectory="2b0110af-1cf8-4488-a8b7-5e6d49f0bc41" />
    <UnitTestResult executionId="c53e787c-eaf5-4809-bbf6-a3d3ff0ea7de" testId="a4c5eedf-dbce-d8b0-f488-e4404f4238b5" testName="Backend.Tests.Application.Services.AuthServiceTests.RegisterAsync_Fails_WhenTenantRoleGivenButTenantIdMissing" computerName="898f9ba0cdbc" duration="00:00:00.0006703" startTime="2025-08-15T10:24:20.7535041+00:00" endTime="2025-08-15T10:24:20.7535646+00:00" testType="13cdc9d9-ddb5-4fa4-a97d-d965ccfc6d4b" outcome="Passed" testListId="8c84fa94-04c1-424b-9868-57a2d4851a1d" relativeResultsDirectory="c53e787c-eaf5-4809-bbf6-a3d3ff0ea7de" />
    <UnitTestResult executionId="e74992ea-8bbb-4baa-bf49-8fd7c31675dc" testId="024786ea-bb0b-b19e-9893-7d2d49fc7763" testName="Backend.Tests.Application.Services.TenantServiceTests.ToggleAsync_Succeeds" computerName="898f9ba0cdbc" duration="00:00:00.0039287" startTime="2025-08-15T10:24:20.5675660+00:00" endTime="2025-08-15T10:24:20.5708316+00:00" testType="13cdc9d9-ddb5-4fa4-a97d-d965ccfc6d4b" outcome="Passed" testListId="8c84fa94-04c1-424b-9868-57a2d4851a1d" relativeResultsDirectory="e74992ea-8bbb-4baa-bf49-8fd7c31675dc" />
    <UnitTestResult executionId="816e74bd-91b8-4780-994d-2e20a84d2509" testId="5ae620a9-90e0-34e5-c41a-79b9bfc42520" testName="Backend.Tests.Application.Services.TenantHierarchyServiceTests.CreateNodeAsync_Fails_WhenNameOrSlugMissing" computerName="898f9ba0cdbc" duration="00:00:00.0006117" startTime="2025-08-15T10:24:20.5370748+00:00" endTime="2025-08-15T10:24:20.5371547+00:00" testType="13cdc9d9-ddb5-4fa4-a97d-d965ccfc6d4b" outcome="Passed" testListId="8c84fa94-04c1-424b-9868-57a2d4851a1d" relativeResultsDirectory="816e74bd-91b8-4780-994d-2e20a84d2509" />
    <UnitTestResult executionId="0e994d10-92a3-4930-b594-30eb7679c619" testId="b314de46-f999-4074-66d9-031bf396ce1e" testName="Backend.Tests.Application.Services.UserMembershipServiceTests.AssignAsync_CreatesMembership_And_RespectsDefaultUniqueness" computerName="898f9ba0cdbc" duration="00:00:00.1353430" startTime="2025-08-15T10:24:20.8408080+00:00" endTime="2025-08-15T10:24:20.9757745+00:00" testType="13cdc9d9-ddb5-4fa4-a97d-d965ccfc6d4b" outcome="Passed" testListId="8c84fa94-04c1-424b-9868-57a2d4851a1d" relativeResultsDirectory="0e994d10-92a3-4930-b594-30eb7679c619" />
    <UnitTestResult executionId="bd0dcec1-fe20-4531-bf26-81a058da264a" testId="b1f9dcfc-4826-c0d0-ca6d-f3df91f36437" testName="Backend.Tests.Application.Services.TenantServiceTests.ListAsync_ReturnsAllTenants" computerName="898f9ba0cdbc" duration="00:00:00.0151706" startTime="2025-08-15T10:24:20.5077912+00:00" endTime="2025-08-15T10:24:20.5293378+00:00" testType="13cdc9d9-ddb5-4fa4-a97d-d965ccfc6d4b" outcome="Passed" testListId="8c84fa94-04c1-424b-9868-57a2d4851a1d" relativeResultsDirectory="bd0dcec1-fe20-4531-bf26-81a058da264a" />
    <UnitTestResult executionId="bf99fe56-c464-425c-890e-7bf5ef936b99" testId="838d2943-bac4-47c8-047d-cf1cda0b9034" testName="Backend.Tests.Application.Services.UserMembershipServiceTests.AssignAsync_Fails_WhenTenantInactive" computerName="898f9ba0cdbc" duration="00:00:00.1223865" startTime="2025-08-15T10:24:20.7197855+00:00" endTime="2025-08-15T10:24:20.8403163+00:00" testType="13cdc9d9-ddb5-4fa4-a97d-d965ccfc6d4b" outcome="Passed" testListId="8c84fa94-04c1-424b-9868-57a2d4851a1d" relativeResultsDirectory="bf99fe56-c464-425c-890e-7bf5ef936b99" />
    <UnitTestResult executionId="d56d3abc-f265-4072-af5e-3d5d3e6c4fcf" testId="31b21664-7780-d361-6791-8b951656c8c7" testName="Backend.Tests.Application.Services.UserMembershipServiceTests.AssignAsync_Fails_WhenDuplicateMembership" computerName="898f9ba0cdbc" duration="00:00:00.5069226" startTime="2025-08-15T10:24:20.2187237+00:00" endTime="2025-08-15T10:24:20.7178890+00:00" testType="13cdc9d9-ddb5-4fa4-a97d-d965ccfc6d4b" outcome="Passed" testListId="8c84fa94-04c1-424b-9868-57a2d4851a1d" relativeResultsDirectory="d56d3abc-f265-4072-af5e-3d5d3e6c4fcf" />
    <UnitTestResult executionId="d002735f-3fe6-46ed-bc74-39cd7881a1b9" testId="7c8cc0ec-8308-6d27-6faf-a5ec55afaad0" testName="Backend.Tests.Application.Services.TenantHierarchyServiceTests.CreateNodeAsync_Fails_WhenSlugExists" computerName="898f9ba0cdbc" duration="00:00:00.0057331" startTime="2025-08-15T10:24:20.5332405+00:00" endTime="2025-08-15T10:24:20.5333081+00:00" testType="13cdc9d9-ddb5-4fa4-a97d-d965ccfc6d4b" outcome="Passed" testListId="8c84fa94-04c1-424b-9868-57a2d4851a1d" relativeResultsDirectory="d002735f-3fe6-46ed-bc74-39cd7881a1b9" />
    <UnitTestResult executionId="a524fd94-0d87-4040-8eab-ec157aa15845" testId="2da42b9a-72bb-4b25-9b0b-01ad5725aabc" testName="Backend.Tests.Application.Services.TenantHierarchyServiceTests.CreateNodeAsync_Succeeds_ForValidChild" computerName="898f9ba0cdbc" duration="00:00:00.0129230" startTime="2025-08-15T10:24:20.5123494+00:00" endTime="2025-08-15T10:24:20.5326343+00:00" testType="13cdc9d9-ddb5-4fa4-a97d-d965ccfc6d4b" outcome="Passed" testListId="8c84fa94-04c1-424b-9868-57a2d4851a1d" relativeResultsDirectory="a524fd94-0d87-4040-8eab-ec157aa15845" />
    <UnitTestResult executionId="e8222d5e-ac2a-4b72-9e26-c4048cfb5121" testId="e1218490-ed27-cd20-895a-b924795a36b5" testName="Backend.Tests.Application.Services.TenantHierarchyServiceTests.CreateNodeAsync_Fails_WhenLevelInvalid" computerName="898f9ba0cdbc" duration="00:00:00.0005007" startTime="2025-08-15T10:24:20.5385928+00:00" endTime="2025-08-15T10:24:20.5386538+00:00" testType="13cdc9d9-ddb5-4fa4-a97d-d965ccfc6d4b" outcome="Passed" testListId="8c84fa94-04c1-424b-9868-57a2d4851a1d" relativeResultsDirectory="e8222d5e-ac2a-4b72-9e26-c4048cfb5121" />
    <UnitTestResult executionId="4895bdc8-5ccc-417f-b6df-921043ee4db0" testId="166c7e95-8849-1710-434e-ed0d31c1f324" testName="Backend.Tests.Application.Services.TenantServiceTests.UploadLogoAsync_Fails_WhenInvalidFileType" computerName="898f9ba0cdbc" duration="00:00:00.2950119" startTime="2025-08-15T10:24:20.2187901+00:00" endTime="2025-08-15T10:24:20.5070817+00:00" testType="13cdc9d9-ddb5-4fa4-a97d-d965ccfc6d4b" outcome="Passed" testListId="8c84fa94-04c1-424b-9868-57a2d4851a1d" relativeResultsDirectory="4895bdc8-5ccc-417f-b6df-921043ee4db0" />
    <UnitTestResult executionId="5eb028e5-b461-408a-b9bf-303f0918a237" testId="9e12ea75-cbd6-c870-5cbc-255b6a0bb296" testName="Backend.Tests.Application.Services.TenantServiceTests.UploadLogoAsync_Fails_WhenTenantNotFound" computerName="898f9ba0cdbc" duration="00:00:00.0138710" startTime="2025-08-15T10:24:20.5392958+00:00" endTime="2025-08-15T10:24:20.5477457+00:00" testType="13cdc9d9-ddb5-4fa4-a97d-d965ccfc6d4b" outcome="Passed" testListId="8c84fa94-04c1-424b-9868-57a2d4851a1d" relativeResultsDirectory="5eb028e5-b461-408a-b9bf-303f0918a237" />
    <UnitTestResult executionId="45dc8c6d-4abc-4ab6-8ea7-73404a76cdd1" testId="7f081e1d-6a58-3e76-9ab9-4ebbc6f29cbf" testName="Backend.Tests.Application.Services.TenantServiceTests.CreateAsync_Fails_WhenNameOrSlugMissing" computerName="898f9ba0cdbc" duration="00:00:00.0003503" startTime="2025-08-15T10:24:20.5745839+00:00" endTime="2025-08-15T10:24:20.5746537+00:00" testType="13cdc9d9-ddb5-4fa4-a97d-d965ccfc6d4b" outcome="Passed" testListId="8c84fa94-04c1-424b-9868-57a2d4851a1d" relativeResultsDirectory="45dc8c6d-4abc-4ab6-8ea7-73404a76cdd1" />
    <UnitTestResult executionId="00d62c4d-6346-41cd-925f-17bc2e921068" testId="b9c6cb93-5ac8-e980-32ab-a1b9d58b5c1e" testName="Backend.Tests.Application.Services.TenantServiceTests.ToggleAsync_Fails_WhenTenantNotFound" computerName="898f9ba0cdbc" duration="00:00:00.0007857" startTime="2025-08-15T10:24:20.5714629+00:00" endTime="2025-08-15T10:24:20.5716372+00:00" testType="13cdc9d9-ddb5-4fa4-a97d-d965ccfc6d4b" outcome="Passed" testListId="8c84fa94-04c1-424b-9868-57a2d4851a1d" relativeResultsDirectory="00d62c4d-6346-41cd-925f-17bc2e921068" />
    <UnitTestResult executionId="5b409dff-ef7c-48a3-8016-338a984224c0" testId="dac6d23d-e9c0-48d6-e3c6-4d3e2cc8a742" testName="Backend.Tests.Application.Services.TenantServiceTests.UploadLogoAsync_Succeeds_WhenValid" computerName="898f9ba0cdbc" duration="00:00:00.0022460" startTime="2025-08-15T10:24:20.5721817+00:00" endTime="2025-08-15T10:24:20.5739288+00:00" testType="13cdc9d9-ddb5-4fa4-a97d-d965ccfc6d4b" outcome="Passed" testListId="8c84fa94-04c1-424b-9868-57a2d4851a1d" relativeResultsDirectory="5b409dff-ef7c-48a3-8016-338a984224c0" />
    <UnitTestResult executionId="113fe739-e220-44dd-b2a0-55fae0ed5a3b" testId="902e1281-b133-ca94-1926-d38e5bbe399d" testName="Backend.Tests.Application.Services.TenantHierarchyServiceTests.CreateNodeAsync_Fails_WhenRootNodeLevelNotOrganization" computerName="898f9ba0cdbc" duration="00:00:00.0007928" startTime="2025-08-15T10:24:20.5378610+00:00" endTime="2025-08-15T10:24:20.5379324+00:00" testType="13cdc9d9-ddb5-4fa4-a97d-d965ccfc6d4b" outcome="Passed" testListId="8c84fa94-04c1-424b-9868-57a2d4851a1d" relativeResultsDirectory="113fe739-e220-44dd-b2a0-55fae0ed5a3b" />
    <UnitTestResult executionId="60c9f36b-55f5-42f9-96c0-ce0303a6104c" testId="7b607913-2dc2-8669-91fa-0b8c344313f1" testName="Backend.Tests.Application.Common.ResultTests.Fail_ShouldContainErrorAndStatus" computerName="898f9ba0cdbc" duration="00:00:00.0016008" startTime="2025-08-15T10:24:20.2266926+00:00" endTime="2025-08-15T10:24:20.2267246+00:00" testType="13cdc9d9-ddb5-4fa4-a97d-d965ccfc6d4b" outcome="Passed" testListId="8c84fa94-04c1-424b-9868-57a2d4851a1d" relativeResultsDirectory="60c9f36b-55f5-42f9-96c0-ce0303a6104c" />
    <UnitTestResult executionId="6c9800ea-fe3f-4268-a0cf-d8f6f8777615" testId="c188d562-53da-3857-db1c-269faa4e2a3f" testName="Backend.Tests.Application.Services.TenantPublicServiceTests.GetCurrentTenantAsync_ReturnsTenant_WhenActive" computerName="898f9ba0cdbc" duration="00:00:00.2199526" startTime="2025-08-15T10:24:20.4919735+00:00" endTime="2025-08-15T10:24:20.7110445+00:00" testType="13cdc9d9-ddb5-4fa4-a97d-d965ccfc6d4b" outcome="Passed" testListId="8c84fa94-04c1-424b-9868-57a2d4851a1d" relativeResultsDirectory="6c9800ea-fe3f-4268-a0cf-d8f6f8777615" />
    <UnitTestResult executionId="d8f9a86c-73d2-4da2-bce6-76b351f75ee7" testId="0aa6adfc-662a-ae78-4c2c-2e6af6dad68c" testName="Backend.Tests.Application.Services.TenantServiceTests.CreateAsync_Succeeds_WithValidInput" computerName="898f9ba0cdbc" duration="00:00:00.0126327" startTime="2025-08-15T10:24:20.5325549+00:00" endTime="2025-08-15T10:24:20.5390045+00:00" testType="13cdc9d9-ddb5-4fa4-a97d-d965ccfc6d4b" outcome="Passed" testListId="8c84fa94-04c1-424b-9868-57a2d4851a1d" relativeResultsDirectory="d8f9a86c-73d2-4da2-bce6-76b351f75ee7" />
  </Results>
  <TestDefinitions>
    <UnitTest name="Backend.Tests.Application.Services.TenantServiceTests.UploadLogoAsync_Fails_WhenInvalidFileType" storage="/app/test/bin/debug/net8.0/backend.tests.dll" id="166c7e95-8849-1710-434e-ed0d31c1f324">
      <Execution id="4895bdc8-5ccc-417f-b6df-921043ee4db0" />
      <TestMethod codeBase="/app/test/bin/Debug/net8.0/Backend.Tests.dll" adapterTypeName="executor://xunit/VsTestRunner3/netcore/" className="Backend.Tests.Application.Services.TenantServiceTests" name="UploadLogoAsync_Fails_WhenInvalidFileType" />
    </UnitTest>
    <UnitTest name="Backend.Tests.Application.Services.AuthServiceTests.RegisterAsync_Succeeds_WhenValid" storage="/app/test/bin/debug/net8.0/backend.tests.dll" id="8dd6e572-26cc-8c1d-05bc-0cc5fe4a483a">
      <Execution id="178c436c-c8a4-44a7-8131-614c7402ddd8" />
      <TestMethod codeBase="/app/test/bin/Debug/net8.0/Backend.Tests.dll" adapterTypeName="executor://xunit/VsTestRunner3/netcore/" className="Backend.Tests.Application.Services.AuthServiceTests" name="RegisterAsync_Succeeds_WhenValid" />
    </UnitTest>
    <UnitTest name="Backend.Tests.Application.Services.TenantHierarchyServiceTests.CreateNodeAsync_Fails_WhenParentNotFound" storage="/app/test/bin/debug/net8.0/backend.tests.dll" id="a3815c71-aa9d-5791-b0c8-47317dbfd503">
      <Execution id="0871167a-75e7-4a89-b9b4-36102ba7a139" />
      <TestMethod codeBase="/app/test/bin/Debug/net8.0/Backend.Tests.dll" adapterTypeName="executor://xunit/VsTestRunner3/netcore/" className="Backend.Tests.Application.Services.TenantHierarchyServiceTests" name="CreateNodeAsync_Fails_WhenParentNotFound" />
    </UnitTest>
    <UnitTest name="Backend.Tests.Application.Services.TenantServiceTests.CreateAsync_Fails_WhenSlugAlreadyExists" storage="/app/test/bin/debug/net8.0/backend.tests.dll" id="758c0741-af53-7d63-a76f-c8ceca60c790">
      <Execution id="bffd377c-a6be-432d-85c5-f2e82c490495" />
      <TestMethod codeBase="/app/test/bin/Debug/net8.0/Backend.Tests.dll" adapterTypeName="executor://xunit/VsTestRunner3/netcore/" className="Backend.Tests.Application.Services.TenantServiceTests" name="CreateAsync_Fails_WhenSlugAlreadyExists" />
    </UnitTest>
    <UnitTest name="Backend.Tests.Application.Services.TenantServiceTests.UploadLogoAsync_Fails_WhenTenantNotFound" storage="/app/test/bin/debug/net8.0/backend.tests.dll" id="9e12ea75-cbd6-c870-5cbc-255b6a0bb296">
      <Execution id="5eb028e5-b461-408a-b9bf-303f0918a237" />
      <TestMethod codeBase="/app/test/bin/Debug/net8.0/Backend.Tests.dll" adapterTypeName="executor://xunit/VsTestRunner3/netcore/" className="Backend.Tests.Application.Services.TenantServiceTests" name="UploadLogoAsync_Fails_WhenTenantNotFound" />
    </UnitTest>
    <UnitTest name="Backend.Tests.Application.Services.TenantHierarchyServiceTests.CreateNodeAsync_Fails_WhenSlugExists" storage="/app/test/bin/debug/net8.0/backend.tests.dll" id="7c8cc0ec-8308-6d27-6faf-a5ec55afaad0">
      <Execution id="d002735f-3fe6-46ed-bc74-39cd7881a1b9" />
      <TestMethod codeBase="/app/test/bin/Debug/net8.0/Backend.Tests.dll" adapterTypeName="executor://xunit/VsTestRunner3/netcore/" className="Backend.Tests.Application.Services.TenantHierarchyServiceTests" name="CreateNodeAsync_Fails_WhenSlugExists" />
    </UnitTest>
    <UnitTest name="Backend.Tests.Application.Services.TenantHierarchyServiceTests.CreateNodeAsync_Fails_WhenNameOrSlugMissing" storage="/app/test/bin/debug/net8.0/backend.tests.dll" id="5ae620a9-90e0-34e5-c41a-79b9bfc42520">
      <Execution id="816e74bd-91b8-4780-994d-2e20a84d2509" />
      <TestMethod codeBase="/app/test/bin/Debug/net8.0/Backend.Tests.dll" adapterTypeName="executor://xunit/VsTestRunner3/netcore/" className="Backend.Tests.Application.Services.TenantHierarchyServiceTests" name="CreateNodeAsync_Fails_WhenNameOrSlugMissing" />
    </UnitTest>
    <UnitTest name="Backend.Tests.Application.Services.UserMembershipServiceTests.AssignAsync_CreatesMembership_And_RespectsDefaultUniqueness" storage="/app/test/bin/debug/net8.0/backend.tests.dll" id="b314de46-f999-4074-66d9-031bf396ce1e">
      <Execution id="0e994d10-92a3-4930-b594-30eb7679c619" />
      <TestMethod codeBase="/app/test/bin/Debug/net8.0/Backend.Tests.dll" adapterTypeName="executor://xunit/VsTestRunner3/netcore/" className="Backend.Tests.Application.Services.UserMembershipServiceTests" name="AssignAsync_CreatesMembership_And_RespectsDefaultUniqueness" />
    </UnitTest>
    <UnitTest name="Backend.Tests.Application.Services.TenantServiceTests.CreateAsync_Succeeds_WithValidInput" storage="/app/test/bin/debug/net8.0/backend.tests.dll" id="0aa6adfc-662a-ae78-4c2c-2e6af6dad68c">
      <Execution id="d8f9a86c-73d2-4da2-bce6-76b351f75ee7" />
      <TestMethod codeBase="/app/test/bin/Debug/net8.0/Backend.Tests.dll" adapterTypeName="executor://xunit/VsTestRunner3/netcore/" className="Backend.Tests.Application.Services.TenantServiceTests" name="CreateAsync_Succeeds_WithValidInput" />
    </UnitTest>
    <UnitTest name="Backend.Tests.Application.Services.AuthServiceTests.RegisterAsync_Fails_WhenTenantRoleGivenButTenantIdMissing" storage="/app/test/bin/debug/net8.0/backend.tests.dll" id="a4c5eedf-dbce-d8b0-f488-e4404f4238b5">
      <Execution id="c53e787c-eaf5-4809-bbf6-a3d3ff0ea7de" />
      <TestMethod codeBase="/app/test/bin/Debug/net8.0/Backend.Tests.dll" adapterTypeName="executor://xunit/VsTestRunner3/netcore/" className="Backend.Tests.Application.Services.AuthServiceTests" name="RegisterAsync_Fails_WhenTenantRoleGivenButTenantIdMissing" />
    </UnitTest>
    <UnitTest name="Backend.Tests.Application.Services.TenantHierarchyServiceTests.CreateNodeAsync_Fails_WhenLevelInvalid" storage="/app/test/bin/debug/net8.0/backend.tests.dll" id="e1218490-ed27-cd20-895a-b924795a36b5">
      <Execution id="e8222d5e-ac2a-4b72-9e26-c4048cfb5121" />
      <TestMethod codeBase="/app/test/bin/Debug/net8.0/Backend.Tests.dll" adapterTypeName="executor://xunit/VsTestRunner3/netcore/" className="Backend.Tests.Application.Services.TenantHierarchyServiceTests" name="CreateNodeAsync_Fails_WhenLevelInvalid" />
    </UnitTest>
    <UnitTest name="Backend.Tests.Application.Services.AuthServiceTests.RegisterAsync_Fails_WhenEmailOrPasswordMissing" storage="/app/test/bin/debug/net8.0/backend.tests.dll" id="8e80ccc0-8ac3-57c4-dad4-91d2b940bff3">
      <Execution id="acaee262-1cda-45b2-ac0d-1fabca047b15" />
      <TestMethod codeBase="/app/test/bin/Debug/net8.0/Backend.Tests.dll" adapterTypeName="executor://xunit/VsTestRunner3/netcore/" className="Backend.Tests.Application.Services.AuthServiceTests" name="RegisterAsync_Fails_WhenEmailOrPasswordMissing" />
    </UnitTest>
    <UnitTest name="Backend.Tests.Application.Services.TenantServiceTests.ListAsync_ReturnsAllTenants" storage="/app/test/bin/debug/net8.0/backend.tests.dll" id="b1f9dcfc-4826-c0d0-ca6d-f3df91f36437">
      <Execution id="bd0dcec1-fe20-4531-bf26-81a058da264a" />
      <TestMethod codeBase="/app/test/bin/Debug/net8.0/Backend.Tests.dll" adapterTypeName="executor://xunit/VsTestRunner3/netcore/" className="Backend.Tests.Application.Services.TenantServiceTests" name="ListAsync_ReturnsAllTenants" />
    </UnitTest>
    <UnitTest name="Backend.Tests.Application.Services.TenantHierarchyServiceTests.CreateNodeAsync_Succeeds_ForValidChild" storage="/app/test/bin/debug/net8.0/backend.tests.dll" id="2da42b9a-72bb-4b25-9b0b-01ad5725aabc">
      <Execution id="a524fd94-0d87-4040-8eab-ec157aa15845" />
      <TestMethod codeBase="/app/test/bin/Debug/net8.0/Backend.Tests.dll" adapterTypeName="executor://xunit/VsTestRunner3/netcore/" className="Backend.Tests.Application.Services.TenantHierarchyServiceTests" name="CreateNodeAsync_Succeeds_ForValidChild" />
    </UnitTest>
    <UnitTest name="Backend.Tests.Application.Services.TenantServiceTests.CreateAsync_Fails_WhenNameOrSlugMissing" storage="/app/test/bin/debug/net8.0/backend.tests.dll" id="7f081e1d-6a58-3e76-9ab9-4ebbc6f29cbf">
      <Execution id="45dc8c6d-4abc-4ab6-8ea7-73404a76cdd1" />
      <TestMethod codeBase="/app/test/bin/Debug/net8.0/Backend.Tests.dll" adapterTypeName="executor://xunit/VsTestRunner3/netcore/" className="Backend.Tests.Application.Services.TenantServiceTests" name="CreateAsync_Fails_WhenNameOrSlugMissing" />
    </UnitTest>
    <UnitTest name="Backend.Tests.Application.Services.TenantHierarchyServiceTests.CreateNodeAsync_Fails_WhenRootNodeLevelNotOrganization" storage="/app/test/bin/debug/net8.0/backend.tests.dll" id="902e1281-b133-ca94-1926-d38e5bbe399d">
      <Execution id="113fe739-e220-44dd-b2a0-55fae0ed5a3b" />
      <TestMethod codeBase="/app/test/bin/Debug/net8.0/Backend.Tests.dll" adapterTypeName="executor://xunit/VsTestRunner3/netcore/" className="Backend.Tests.Application.Services.TenantHierarchyServiceTests" name="CreateNodeAsync_Fails_WhenRootNodeLevelNotOrganization" />
    </UnitTest>
    <UnitTest name="Backend.Tests.Application.Common.ResultTests.OkT_ShouldCarryValue" storage="/app/test/bin/debug/net8.0/backend.tests.dll" id="87afd9a9-3a76-05dc-5136-4351a04ca482">
      <Execution id="ae2dfbf3-e92c-407c-9114-33a3188e2e74" />
      <TestMethod codeBase="/app/test/bin/Debug/net8.0/Backend.Tests.dll" adapterTypeName="executor://xunit/VsTestRunner3/netcore/" className="Backend.Tests.Application.Common.ResultTests" name="OkT_ShouldCarryValue" />
    </UnitTest>
    <UnitTest name="Backend.Tests.Application.Services.TenantHierarchyServiceTests.CreateNodeAsync_Succeeds_ForValidRootNode" storage="/app/test/bin/debug/net8.0/backend.tests.dll" id="a3cc466e-448c-e81e-fbe1-30c54c91504e">
      <Execution id="eda8347e-f972-49a1-acd3-9136a584a4aa" />
      <TestMethod codeBase="/app/test/bin/Debug/net8.0/Backend.Tests.dll" adapterTypeName="executor://xunit/VsTestRunner3/netcore/" className="Backend.Tests.Application.Services.TenantHierarchyServiceTests" name="CreateNodeAsync_Succeeds_ForValidRootNode" />
    </UnitTest>
    <UnitTest name="Backend.Tests.Application.Services.AuthServiceTests.RegisterAsync_Fails_WhenTenantNotFound" storage="/app/test/bin/debug/net8.0/backend.tests.dll" id="3f3095e8-455c-9033-a44f-fd001bf06c95">
      <Execution id="2e48ca19-e02f-4a7e-92d7-6cd5fdebc23b" />
      <TestMethod codeBase="/app/test/bin/Debug/net8.0/Backend.Tests.dll" adapterTypeName="executor://xunit/VsTestRunner3/netcore/" className="Backend.Tests.Application.Services.AuthServiceTests" name="RegisterAsync_Fails_WhenTenantNotFound" />
    </UnitTest>
    <UnitTest name="Backend.Tests.Application.Common.ResultTests.Ok_ShouldBeSuccess" storage="/app/test/bin/debug/net8.0/backend.tests.dll" id="a9043202-6086-a274-0650-b47c22eec854">
      <Execution id="f32d923e-2000-40bf-bb6d-4dd251efa455" />
      <TestMethod codeBase="/app/test/bin/Debug/net8.0/Backend.Tests.dll" adapterTypeName="executor://xunit/VsTestRunner3/netcore/" className="Backend.Tests.Application.Common.ResultTests" name="Ok_ShouldBeSuccess" />
    </UnitTest>
    <UnitTest name="Backend.Tests.Application.Services.TenantServiceTests.ToggleAsync_Fails_WhenTenantNotFound" storage="/app/test/bin/debug/net8.0/backend.tests.dll" id="b9c6cb93-5ac8-e980-32ab-a1b9d58b5c1e">
      <Execution id="00d62c4d-6346-41cd-925f-17bc2e921068" />
      <TestMethod codeBase="/app/test/bin/Debug/net8.0/Backend.Tests.dll" adapterTypeName="executor://xunit/VsTestRunner3/netcore/" className="Backend.Tests.Application.Services.TenantServiceTests" name="ToggleAsync_Fails_WhenTenantNotFound" />
    </UnitTest>
    <UnitTest name="Backend.Tests.Application.Services.TenantServiceTests.UploadLogoAsync_Succeeds_WhenValid" storage="/app/test/bin/debug/net8.0/backend.tests.dll" id="dac6d23d-e9c0-48d6-e3c6-4d3e2cc8a742">
      <Execution id="5b409dff-ef7c-48a3-8016-338a984224c0" />
      <TestMethod codeBase="/app/test/bin/Debug/net8.0/Backend.Tests.dll" adapterTypeName="executor://xunit/VsTestRunner3/netcore/" className="Backend.Tests.Application.Services.TenantServiceTests" name="UploadLogoAsync_Succeeds_WhenValid" />
    </UnitTest>
    <UnitTest name="Backend.Tests.Application.Services.TenantServiceTests.ToggleAsync_Succeeds" storage="/app/test/bin/debug/net8.0/backend.tests.dll" id="024786ea-bb0b-b19e-9893-7d2d49fc7763">
      <Execution id="e74992ea-8bbb-4baa-bf49-8fd7c31675dc" />
      <TestMethod codeBase="/app/test/bin/Debug/net8.0/Backend.Tests.dll" adapterTypeName="executor://xunit/VsTestRunner3/netcore/" className="Backend.Tests.Application.Services.TenantServiceTests" name="ToggleAsync_Succeeds" />
    </UnitTest>
    <UnitTest name="Backend.Tests.Application.Services.UserMembershipServiceTests.AssignAsync_Fails_WhenTenantInactive" storage="/app/test/bin/debug/net8.0/backend.tests.dll" id="838d2943-bac4-47c8-047d-cf1cda0b9034">
      <Execution id="bf99fe56-c464-425c-890e-7bf5ef936b99" />
      <TestMethod codeBase="/app/test/bin/Debug/net8.0/Backend.Tests.dll" adapterTypeName="executor://xunit/VsTestRunner3/netcore/" className="Backend.Tests.Application.Services.UserMembershipServiceTests" name="AssignAsync_Fails_WhenTenantInactive" />
    </UnitTest>
    <UnitTest name="Backend.Tests.Application.Services.UserServiceTests.ListAsync_FiltersByTenant" storage="/app/test/bin/debug/net8.0/backend.tests.dll" id="960bfbc9-f976-c6d1-9ede-34a2f7431ece">
      <Execution id="3374a0b6-1c5e-4231-8124-75645baa41ed" />
      <TestMethod codeBase="/app/test/bin/Debug/net8.0/Backend.Tests.dll" adapterTypeName="executor://xunit/VsTestRunner3/netcore/" className="Backend.Tests.Application.Services.UserServiceTests" name="ListAsync_FiltersByTenant" />
    </UnitTest>
    <UnitTest name="Backend.Tests.Application.Services.UserMembershipServiceTests.AssignAsync_Fails_WhenDuplicateMembership" storage="/app/test/bin/debug/net8.0/backend.tests.dll" id="31b21664-7780-d361-6791-8b951656c8c7">
      <Execution id="d56d3abc-f265-4072-af5e-3d5d3e6c4fcf" />
      <TestMethod codeBase="/app/test/bin/Debug/net8.0/Backend.Tests.dll" adapterTypeName="executor://xunit/VsTestRunner3/netcore/" className="Backend.Tests.Application.Services.UserMembershipServiceTests" name="AssignAsync_Fails_WhenDuplicateMembership" />
    </UnitTest>
    <UnitTest name="Backend.Tests.Application.Common.ResultTests.Fail_ShouldContainErrorAndStatus" storage="/app/test/bin/debug/net8.0/backend.tests.dll" id="7b607913-2dc2-8669-91fa-0b8c344313f1">
      <Execution id="60c9f36b-55f5-42f9-96c0-ce0303a6104c" />
      <TestMethod codeBase="/app/test/bin/Debug/net8.0/Backend.Tests.dll" adapterTypeName="executor://xunit/VsTestRunner3/netcore/" className="Backend.Tests.Application.Common.ResultTests" name="Fail_ShouldContainErrorAndStatus" />
    </UnitTest>
    <UnitTest name="Backend.Tests.UnitTest1.Test1" storage="/app/test/bin/debug/net8.0/backend.tests.dll" id="4a8bd80c-6c50-040b-b2ee-c54bffc15279">
      <Execution id="2b0110af-1cf8-4488-a8b7-5e6d49f0bc41" />
      <TestMethod codeBase="/app/test/bin/Debug/net8.0/Backend.Tests.dll" adapterTypeName="executor://xunit/VsTestRunner3/netcore/" className="Backend.Tests.UnitTest1" name="Test1" />
    </UnitTest>
    <UnitTest name="Backend.Tests.Application.Services.TenantHierarchyServiceTests.CreateNodeAsync_Fails_WhenChildLevelIsNotGreaterThanParent" storage="/app/test/bin/debug/net8.0/backend.tests.dll" id="b2790293-7952-1132-eda7-acc268ff8299">
      <Execution id="17b8cbee-6386-4610-a0ec-1c7e52b3f632" />
      <TestMethod codeBase="/app/test/bin/Debug/net8.0/Backend.Tests.dll" adapterTypeName="executor://xunit/VsTestRunner3/netcore/" className="Backend.Tests.Application.Services.TenantHierarchyServiceTests" name="CreateNodeAsync_Fails_WhenChildLevelIsNotGreaterThanParent" />
    </UnitTest>
    <UnitTest name="Backend.Tests.Application.Services.TenantPublicServiceTests.GetCurrentTenantAsync_ReturnsTenant_WhenActive" storage="/app/test/bin/debug/net8.0/backend.tests.dll" id="c188d562-53da-3857-db1c-269faa4e2a3f">
      <Execution id="6c9800ea-fe3f-4268-a0cf-d8f6f8777615" />
      <TestMethod codeBase="/app/test/bin/Debug/net8.0/Backend.Tests.dll" adapterTypeName="executor://xunit/VsTestRunner3/netcore/" className="Backend.Tests.Application.Services.TenantPublicServiceTests" name="GetCurrentTenantAsync_ReturnsTenant_WhenActive" />
    </UnitTest>
    <UnitTest name="Backend.Tests.Application.Services.TenantPublicServiceTests.GetCurrentTenantAsync_Fails_WhenNotFoundOrInactive" storage="/app/test/bin/debug/net8.0/backend.tests.dll" id="0b3e4e71-0238-4296-85eb-e5ab771642a8">
      <Execution id="ba329728-e100-4a9f-acf5-a41f5fa47c08" />
      <TestMethod codeBase="/app/test/bin/Debug/net8.0/Backend.Tests.dll" adapterTypeName="executor://xunit/VsTestRunner3/netcore/" className="Backend.Tests.Application.Services.TenantPublicServiceTests" name="GetCurrentTenantAsync_Fails_WhenNotFoundOrInactive" />
    </UnitTest>
    <UnitTest name="Backend.Tests.Application.Services.AuthServiceTests.RegisterAsync_Fails_WhenUserAlreadyExists" storage="/app/test/bin/debug/net8.0/backend.tests.dll" id="db482b59-5d5f-328d-387e-b93bb8b5a3dc">
      <Execution id="cfe48e08-dac2-46ce-98e4-343ee587a213" />
      <TestMethod codeBase="/app/test/bin/Debug/net8.0/Backend.Tests.dll" adapterTypeName="executor://xunit/VsTestRunner3/netcore/" className="Backend.Tests.Application.Services.AuthServiceTests" name="RegisterAsync_Fails_WhenUserAlreadyExists" />
    </UnitTest>
  </TestDefinitions>
  <TestEntries>
    <TestEntry testId="a9043202-6086-a274-0650-b47c22eec854" executionId="f32d923e-2000-40bf-bb6d-4dd251efa455" testListId="8c84fa94-04c1-424b-9868-57a2d4851a1d" />
    <TestEntry testId="8e80ccc0-8ac3-57c4-dad4-91d2b940bff3" executionId="acaee262-1cda-45b2-ac0d-1fabca047b15" testListId="8c84fa94-04c1-424b-9868-57a2d4851a1d" />
    <TestEntry testId="a3815c71-aa9d-5791-b0c8-47317dbfd503" executionId="0871167a-75e7-4a89-b9b4-36102ba7a139" testListId="8c84fa94-04c1-424b-9868-57a2d4851a1d" />
    <TestEntry testId="87afd9a9-3a76-05dc-5136-4351a04ca482" executionId="ae2dfbf3-e92c-407c-9114-33a3188e2e74" testListId="8c84fa94-04c1-424b-9868-57a2d4851a1d" />
    <TestEntry testId="758c0741-af53-7d63-a76f-c8ceca60c790" executionId="bffd377c-a6be-432d-85c5-f2e82c490495" testListId="8c84fa94-04c1-424b-9868-57a2d4851a1d" />
    <TestEntry testId="0b3e4e71-0238-4296-85eb-e5ab771642a8" executionId="ba329728-e100-4a9f-acf5-a41f5fa47c08" testListId="8c84fa94-04c1-424b-9868-57a2d4851a1d" />
    <TestEntry testId="a3cc466e-448c-e81e-fbe1-30c54c91504e" executionId="eda8347e-f972-49a1-acd3-9136a584a4aa" testListId="8c84fa94-04c1-424b-9868-57a2d4851a1d" />
    <TestEntry testId="3f3095e8-455c-9033-a44f-fd001bf06c95" executionId="2e48ca19-e02f-4a7e-92d7-6cd5fdebc23b" testListId="8c84fa94-04c1-424b-9868-57a2d4851a1d" />
    <TestEntry testId="960bfbc9-f976-c6d1-9ede-34a2f7431ece" executionId="3374a0b6-1c5e-4231-8124-75645baa41ed" testListId="8c84fa94-04c1-424b-9868-57a2d4851a1d" />
    <TestEntry testId="8dd6e572-26cc-8c1d-05bc-0cc5fe4a483a" executionId="178c436c-c8a4-44a7-8131-614c7402ddd8" testListId="8c84fa94-04c1-424b-9868-57a2d4851a1d" />
    <TestEntry testId="db482b59-5d5f-328d-387e-b93bb8b5a3dc" executionId="cfe48e08-dac2-46ce-98e4-343ee587a213" testListId="8c84fa94-04c1-424b-9868-57a2d4851a1d" />
    <TestEntry testId="b2790293-7952-1132-eda7-acc268ff8299" executionId="17b8cbee-6386-4610-a0ec-1c7e52b3f632" testListId="8c84fa94-04c1-424b-9868-57a2d4851a1d" />
    <TestEntry testId="4a8bd80c-6c50-040b-b2ee-c54bffc15279" executionId="2b0110af-1cf8-4488-a8b7-5e6d49f0bc41" testListId="8c84fa94-04c1-424b-9868-57a2d4851a1d" />
    <TestEntry testId="a4c5eedf-dbce-d8b0-f488-e4404f4238b5" executionId="c53e787c-eaf5-4809-bbf6-a3d3ff0ea7de" testListId="8c84fa94-04c1-424b-9868-57a2d4851a1d" />
    <TestEntry testId="024786ea-bb0b-b19e-9893-7d2d49fc7763" executionId="e74992ea-8bbb-4baa-bf49-8fd7c31675dc" testListId="8c84fa94-04c1-424b-9868-57a2d4851a1d" />
    <TestEntry testId="5ae620a9-90e0-34e5-c41a-79b9bfc42520" executionId="816e74bd-91b8-4780-994d-2e20a84d2509" testListId="8c84fa94-04c1-424b-9868-57a2d4851a1d" />
    <TestEntry testId="b314de46-f999-4074-66d9-031bf396ce1e" executionId="0e994d10-92a3-4930-b594-30eb7679c619" testListId="8c84fa94-04c1-424b-9868-57a2d4851a1d" />
    <TestEntry testId="b1f9dcfc-4826-c0d0-ca6d-f3df91f36437" executionId="bd0dcec1-fe20-4531-bf26-81a058da264a" testListId="8c84fa94-04c1-424b-9868-57a2d4851a1d" />
    <TestEntry testId="838d2943-bac4-47c8-047d-cf1cda0b9034" executionId="bf99fe56-c464-425c-890e-7bf5ef936b99" testListId="8c84fa94-04c1-424b-9868-57a2d4851a1d" />
    <TestEntry testId="31b21664-7780-d361-6791-8b951656c8c7" executionId="d56d3abc-f265-4072-af5e-3d5d3e6c4fcf" testListId="8c84fa94-04c1-424b-9868-57a2d4851a1d" />
    <TestEntry testId="7c8cc0ec-8308-6d27-6faf-a5ec55afaad0" executionId="d002735f-3fe6-46ed-bc74-39cd7881a1b9" testListId="8c84fa94-04c1-424b-9868-57a2d4851a1d" />
    <TestEntry testId="2da42b9a-72bb-4b25-9b0b-01ad5725aabc" executionId="a524fd94-0d87-4040-8eab-ec157aa15845" testListId="8c84fa94-04c1-424b-9868-57a2d4851a1d" />
    <TestEntry testId="e1218490-ed27-cd20-895a-b924795a36b5" executionId="e8222d5e-ac2a-4b72-9e26-c4048cfb5121" testListId="8c84fa94-04c1-424b-9868-57a2d4851a1d" />
    <TestEntry testId="166c7e95-8849-1710-434e-ed0d31c1f324" executionId="4895bdc8-5ccc-417f-b6df-921043ee4db0" testListId="8c84fa94-04c1-424b-9868-57a2d4851a1d" />
    <TestEntry testId="9e12ea75-cbd6-c870-5cbc-255b6a0bb296" executionId="5eb028e5-b461-408a-b9bf-303f0918a237" testListId="8c84fa94-04c1-424b-9868-57a2d4851a1d" />
    <TestEntry testId="7f081e1d-6a58-3e76-9ab9-4ebbc6f29cbf" executionId="45dc8c6d-4abc-4ab6-8ea7-73404a76cdd1" testListId="8c84fa94-04c1-424b-9868-57a2d4851a1d" />
    <TestEntry testId="b9c6cb93-5ac8-e980-32ab-a1b9d58b5c1e" executionId="00d62c4d-6346-41cd-925f-17bc2e921068" testListId="8c84fa94-04c1-424b-9868-57a2d4851a1d" />
    <TestEntry testId="dac6d23d-e9c0-48d6-e3c6-4d3e2cc8a742" executionId="5b409dff-ef7c-48a3-8016-338a984224c0" testListId="8c84fa94-04c1-424b-9868-57a2d4851a1d" />
    <TestEntry testId="902e1281-b133-ca94-1926-d38e5bbe399d" executionId="113fe739-e220-44dd-b2a0-55fae0ed5a3b" testListId="8c84fa94-04c1-424b-9868-57a2d4851a1d" />
    <TestEntry testId="7b607913-2dc2-8669-91fa-0b8c344313f1" executionId="60c9f36b-55f5-42f9-96c0-ce0303a6104c" testListId="8c84fa94-04c1-424b-9868-57a2d4851a1d" />
    <TestEntry testId="c188d562-53da-3857-db1c-269faa4e2a3f" executionId="6c9800ea-fe3f-4268-a0cf-d8f6f8777615" testListId="8c84fa94-04c1-424b-9868-57a2d4851a1d" />
    <TestEntry testId="0aa6adfc-662a-ae78-4c2c-2e6af6dad68c" executionId="d8f9a86c-73d2-4da2-bce6-76b351f75ee7" testListId="8c84fa94-04c1-424b-9868-57a2d4851a1d" />
  </TestEntries>
  <TestLists>
    <TestList name="Results Not in a List" id="8c84fa94-04c1-424b-9868-57a2d4851a1d" />
    <TestList name="All Loaded Results" id="19431567-8539-422a-85d7-44ee4e166bda" />
  </TestLists>
  <ResultSummary outcome="Completed">
    <Counters total="32" executed="32" passed="32" failed="0" error="0" timeout="0" aborted="0" inconclusive="0" passedButRunAborted="0" notRunnable="0" notExecuted="0" disconnected="0" warning="0" completed="0" inProgress="0" pending="0" />
    <Output>
      <StdOut>[xUnit.net 00:00:00.00] xUnit.net VSTest Adapter v3.1.3+b1b99bdeb3 (64-bit .NET 8.0.19)
[xUnit.net 00:00:00.04]   Discovering: Backend.Tests
[xUnit.net 00:00:00.05]   Discovered:  Backend.Tests
[xUnit.net 00:00:00.07]   Starting:    Backend.Tests
[xUnit.net 00:00:00.85]   Finished:    Backend.Tests
</StdOut>
    </Output>
    <CollectorDataEntries>
      <Collector agentName="898f9ba0cdbc" uri="datacollector://microsoft/CoverletCodeCoverage/1.0" collectorDisplayName="XPlat code coverage">
        <UriAttachments>
          <UriAttachment>
            <A href="898f9ba0cdbc/coverage.cobertura.xml"></A>
          </UriAttachment>
        </UriAttachments>
      </Collector>
    </CollectorDataEntries>
  </ResultSummary>
</TestRun>